Detecting compiler hash for triplet x64-linux...
Compiler found: /usr/bin/c++
The following packages are already installed:
  * boost-uninstall:x64-linux@1.88.0 -- git+https://github.com/microsoft/vcpkg@3b2f9f82076f2d15124a4e449700848c25bcadcc
  * vcpkg-boost:x64-linux@2025-03-29 -- git+https://github.com/microsoft/vcpkg@858b0333b773b5650c3f19ef271e3205542d7ceb
  * vcpkg-cmake:x64-linux@2024-04-23 -- git+https://github.com/microsoft/vcpkg@e74aa1e8f93278a8e71372f1fa08c3df420eb840
  * vcpkg-cmake-config:x64-linux@2024-05-23 -- git+https://github.com/microsoft/vcpkg@97a63e4bc1a17422ffe4eff71da53b4b561a7841
The following packages will be built and installed:
  * abseil:x64-linux@20250127.1#2 -- git+https://github.com/microsoft/vcpkg@15a046bb4ccc8e59bc9f31df290400a07c587675
  * boost-algorithm:x64-linux@1.88.0 -- git+https://github.com/microsoft/vcpkg@ad439228ad08c78b1db8a59d33f36a53cb2da963
  * boost-align:x64-linux@1.88.0 -- git+https://github.com/microsoft/vcpkg@4924c1722bfca24f9700837388bd5d9481695e2b
  * boost-any:x64-linux@1.88.0 -- git+https://github.com/microsoft/vcpkg@d58b4fbb3de4aa97fcbd4ddede97df239656d4e4
  * boost-array:x64-linux@1.88.0 -- git+https://github.com/microsoft/vcpkg@ac9d6b735393768df04f6dafaf12d503cb133e6d
    boost-asio:x64-linux@1.88.0 -- git+https://github.com/microsoft/vcpkg@923e111ca4b1138efb1b58499edf5f04797de72f
  * boost-assert:x64-linux@1.88.0 -- git+https://github.com/microsoft/vcpkg@d6e23ac8a35da1fa74839bde3a863d279a6059a3
  * boost-atomic:x64-linux@1.88.0 -- git+https://github.com/microsoft/vcpkg@9b2f531f06494c18e7aea107338d1ebcd986208f
    boost-beast:x64-linux@1.88.0 -- git+https://github.com/microsoft/vcpkg@1928ac98dd3771b4210550c980e3cfc259d31a0f
  * boost-bind:x64-linux@1.88.0 -- git+https://github.com/microsoft/vcpkg@a15c751451e95db5247d6cfb51087fdc9d4c358d
  * boost-cmake:x64-linux@1.88.0 -- git+https://github.com/microsoft/vcpkg@1a36be4443ec1c0be66984a1e82914a5181b37b1
  * boost-concept-check:x64-linux@1.88.0 -- git+https://github.com/microsoft/vcpkg@c0ca6d1964dab6ed90d303669d4b7f793984c51f
  * boost-config:x64-linux@1.88.0 -- git+https://github.com/microsoft/vcpkg@08220601e68293ce84acafc748856e45db90b6e0
  * boost-container:x64-linux@1.88.0 -- git+https://github.com/microsoft/vcpkg@718d272c732f63acb5fd80814fc85563f171c735
  * boost-container-hash:x64-linux@1.88.0 -- git+https://github.com/microsoft/vcpkg@ea1718341f6ab05a1e8de70803f2217501121b22
  * boost-context:x64-linux@1.88.0 -- git+https://github.com/microsoft/vcpkg@8d20de9b1b6f8a9a913d4b6356fd23fec0c906d6
  * boost-conversion:x64-linux@1.88.0 -- git+https://github.com/microsoft/vcpkg@c42652f6df8bd8617a314dfe5fe4c2faf1a7dedd
  * boost-core:x64-linux@1.88.0 -- git+https://github.com/microsoft/vcpkg@4c65d7305461035adb983409910487493fbc3c17
  * boost-date-time:x64-linux@1.88.0 -- git+https://github.com/microsoft/vcpkg@27fa7c8f51d9c33b0764250d263bd62e22204ce1
  * boost-describe:x64-linux@1.88.0 -- git+https://github.com/microsoft/vcpkg@c8f7e17ade0012c59a0f0a4fd2eed310e46a62a2
  * boost-detail:x64-linux@1.88.0 -- git+https://github.com/microsoft/vcpkg@98a332b03b6cea4761f88e91583365d6541a363a
    boost-di:x64-linux@1.1.0.1 -- /home/runner/work/leanp2p/leanp2p/vcpkg-overlay/boost-di
  * boost-dynamic-bitset:x64-linux@1.88.0 -- git+https://github.com/microsoft/vcpkg@d4c919f26acd2f22956a1516951f886426bcb44c
  * boost-endian:x64-linux@1.88.0 -- git+https://github.com/microsoft/vcpkg@8f0d2e5b95c17eb43c531c6eb9c80308fb5d2715
  * boost-exception:x64-linux@1.88.0 -- git+https://github.com/microsoft/vcpkg@a9ea525002cadc70c3ea9bdf08c12d09772b8856
    boost-filesystem:x64-linux@1.88.0 -- git+https://github.com/microsoft/vcpkg@61456aae816e74a65ebf56e67e6965f1d640f7f5
  * boost-function:x64-linux@1.88.0 -- git+https://github.com/microsoft/vcpkg@dd9ac4db4f4b66a229827fe980cf6383a5e7d3a6
  * boost-function-types:x64-linux@1.88.0 -- git+https://github.com/microsoft/vcpkg@89350648b176e8b7fa29c581eacb759399beb1a4
  * boost-functional:x64-linux@1.88.0 -- git+https://github.com/microsoft/vcpkg@2ff2af6a3352bb8fbf08b0c8d0ee09be73db31d4
  * boost-fusion:x64-linux@1.88.0 -- git+https://github.com/microsoft/vcpkg@bd409c100d97251c34028434e9229dbdc2a9b6ab
  * boost-headers:x64-linux@1.88.0 -- git+https://github.com/microsoft/vcpkg@89fca00b9db236eb0cb0ea97b9db246c2db7b3e1
  * boost-integer:x64-linux@1.88.0 -- git+https://github.com/microsoft/vcpkg@74fcf2f7483b0b82c14d59e9feaa006a75403e3d
  * boost-intrusive:x64-linux@1.88.0 -- git+https://github.com/microsoft/vcpkg@0e559d87a538a62ab92d14b3a1bf20f4b15e9801
  * boost-io:x64-linux@1.88.0 -- git+https://github.com/microsoft/vcpkg@bf0040fba4e0e01974090341efb3a14e69226ff4
  * boost-iterator:x64-linux@1.88.0 -- git+https://github.com/microsoft/vcpkg@8c9d7242f99b48a2179719640bc47c4a8a2f8f70
  * boost-lexical-cast:x64-linux@1.88.0 -- git+https://github.com/microsoft/vcpkg@c3631cacb2113b407eaa8be643a96dae14464f79
  * boost-logic:x64-linux@1.88.0 -- git+https://github.com/microsoft/vcpkg@a5a3ef638df59f3663a2303af3ea056513ecc3e9
  * boost-move:x64-linux@1.88.0 -- git+https://github.com/microsoft/vcpkg@36644849a94e71b5527a68a3896b12ee41da8197
  * boost-mp11:x64-linux@1.88.0 -- git+https://github.com/microsoft/vcpkg@2f04ead9077fd5a1906dde8aaedbbae09c5cab8c
  * boost-mpl:x64-linux@1.88.0 -- git+https://github.com/microsoft/vcpkg@6cdd95078ed4dc9bd700884cfc132dca24a99013
  * boost-numeric-conversion:x64-linux@1.88.0 -- git+https://github.com/microsoft/vcpkg@79af9270e64b3948e4fe3c0c911614c090450bae
  * boost-optional:x64-linux@1.88.0 -- git+https://github.com/microsoft/vcpkg@1c8c7aa2e1a750a5faf818b3bc8e0491f415b489
  * boost-outcome:x64-linux@1.88.0 -- git+https://github.com/microsoft/vcpkg@867b39e53e905db43b6efbabed863a7af2c22c94
  * boost-parameter:x64-linux@1.88.0 -- git+https://github.com/microsoft/vcpkg@86e2c7b42f18203836314d327e95b3ab8dab7dab
  * boost-pool:x64-linux@1.88.0 -- git+https://github.com/microsoft/vcpkg@f60821c1894371525636f260d1759ed9d3c0bf1e
  * boost-predef:x64-linux@1.88.0 -- git+https://github.com/microsoft/vcpkg@9800c52c1d92d169572ff2f2ed5fb936eb818c68
  * boost-preprocessor:x64-linux@1.88.0 -- git+https://github.com/microsoft/vcpkg@499a4341d1d58ed648cc36f9634e6eed3972bf9d
    boost-program-options:x64-linux@1.88.0 -- git+https://github.com/microsoft/vcpkg@b85a04d9d493a03154426ff8f02d5a038845a17d
    boost-random:x64-linux@1.88.0 -- git+https://github.com/microsoft/vcpkg@b2aa49ec08baef8f4f50bebdd83e0e52d0f21600
  * boost-range:x64-linux@1.88.0 -- git+https://github.com/microsoft/vcpkg@81d6d0d0180e3c891f8b9de796b017ab7c0f5659
  * boost-regex:x64-linux@1.88.0 -- git+https://github.com/microsoft/vcpkg@dd6a6b9acf08471a6fae62bf01f6d31d813674ec
  * boost-scope:x64-linux@1.88.0 -- git+https://github.com/microsoft/vcpkg@a7bd1bd387c8df44cf6823663344498cfb5d77f6
    boost-signals2:x64-linux@1.88.0 -- git+https://github.com/microsoft/vcpkg@cd5386163d29361ec0808392eeb2cd6da0e88a29
  * boost-smart-ptr:x64-linux@1.88.0 -- git+https://github.com/microsoft/vcpkg@e65d7713ee5deba4953e849c2d8a370d65ae964e
  * boost-static-assert:x64-linux@1.88.0 -- git+https://github.com/microsoft/vcpkg@2cb92121f4df9c9b122c4837cb8e41ac1f4800b6
  * boost-static-string:x64-linux@1.88.0 -- git+https://github.com/microsoft/vcpkg@83065a30423a1c44652bd30ad85d7a44cf77a416
  * boost-system:x64-linux@1.88.0 -- git+https://github.com/microsoft/vcpkg@737c0b0cf6378ebcf004985963d7d5503b4a0cce
  * boost-throw-exception:x64-linux@1.88.0 -- git+https://github.com/microsoft/vcpkg@cce052773fa40ae37c9497cf38739945720cf104
  * boost-tokenizer:x64-linux@1.88.0 -- git+https://github.com/microsoft/vcpkg@221203f5ced5b51f2908b045dcacc1e9b5140b33
  * boost-tuple:x64-linux@1.88.0 -- git+https://github.com/microsoft/vcpkg@55ab535f246ac9b26b4a76d5182fc593914bd691
  * boost-type-index:x64-linux@1.88.0 -- git+https://github.com/microsoft/vcpkg@1c20e548a4ac12208597cbbb20df76f23ab62261
  * boost-type-traits:x64-linux@1.88.0 -- git+https://github.com/microsoft/vcpkg@5c25a4ff2c1fd4d4eb993dfed7cba2b32fd020a6
  * boost-typeof:x64-linux@1.88.0 -- git+https://github.com/microsoft/vcpkg@75c8940f03c4002bb502d869a77288d59081d026
  * boost-unordered:x64-linux@1.88.0 -- git+https://github.com/microsoft/vcpkg@0c41c1a7f1cbf9fa1c6f2c88050fc5a4100fc0de
  * boost-utility:x64-linux@1.88.0 -- git+https://github.com/microsoft/vcpkg@9600bd33e0b671744e96c3d032170cf4ee1d1be5
  * boost-variant:x64-linux@1.88.0 -- git+https://github.com/microsoft/vcpkg@ce04d4a9d355c53b773d0f510cf69a932ba6eb63
  * boost-variant2:x64-linux@1.88.0 -- git+https://github.com/microsoft/vcpkg@caf09c0bd44b9d3a5d2c3b17762675acaf0baac0
  * boost-winapi:x64-linux@1.88.0 -- git+https://github.com/microsoft/vcpkg@8b3ab1e64c2ac905bd598e30fba1101c5b8a2e72
  * boringssl:x64-linux@2024-09-13#1 -- git+https://github.com/microsoft/vcpkg@78e32f29395487348c0dbbc78828b71b020a92b1
    fmt:x64-linux@11.0.2#1 -- git+https://github.com/microsoft/vcpkg@07a73a7565e5de9eb42e90c16c133bdfdfebbcda
    liblsquic:x64-linux@3.3.2#1 -- /home/runner/work/leanp2p/leanp2p/vcpkg-overlay/liblsquic
    libsecp256k1:x64-linux@0.5.1 -- /home/runner/work/leanp2p/leanp2p/vcpkg-overlay/libsecp256k1
    protobuf:x64-linux@5.29.3#1 -- git+https://github.com/microsoft/vcpkg@1020e6e87d6a63311c6ebf7f7ec5124b9bf7be74
    qtils:x64-linux@0.0.3 -- /home/runner/work/leanp2p/leanp2p/vcpkg-overlay/qtils
    soralog:x64-linux@0.2.5 -- /home/runner/work/leanp2p/leanp2p/vcpkg-overlay/soralog
    tsl-hat-trie:x64-linux@1.0.0 -- /home/runner/work/leanp2p/leanp2p/vcpkg-overlay/tsl-hat-trie
  * utf8-range:x64-linux@5.29.3 -- git+https://github.com/microsoft/vcpkg@67a0b0ded179b27dc30195bab68549fab519e1e2
  * yaml-cpp:x64-linux@0.8.0#3 -- git+https://github.com/microsoft/vcpkg@30bb4f655d874206182c1db07bb6cd4f1f9f1c79
    zlib:x64-linux@1.3.1 -- git+https://github.com/microsoft/vcpkg@3f05e04b9aededb96786a911a16193cdb711f0c9
Additional packages (*) will be modified to complete this operation.
Restored 0 package(s) from /home/runner/.cache/vcpkg/archives in 279 us. Use --debug to see more details.
Installing 1/79 boost-cmake:x64-linux@1.88.0...
Building boost-cmake:x64-linux@1.88.0...
/home/runner/.cache/vcpkg/registries/git-trees/1a36be4443ec1c0be66984a1e82914a5181b37b1: info: installing from git registry git+https://github.com/microsoft/vcpkg@1a36be4443ec1c0be66984a1e82914a5181b37b1
-- Using cached boostorg-cmake-boost-1.88.0.tar.gz
-- Extracting source /usr/local/share/vcpkg/downloads/boostorg-cmake-boost-1.88.0.tar.gz
-- Applying patch 0001-vcpkg-build.patch
-- Applying patch 0002-remove-prefix-and-suffix.patch
-- Using source at /usr/local/share/vcpkg/buildtrees/boost-cmake/src/ost-1.88.0-7ca645f160.clean
-- Configuring x64-linux
-- Building x64-linux-dbg
-- Building x64-linux-rel
-- Up-to-date: /usr/local/share/vcpkg/packages/boost-cmake_x64-linux/share/boost/cmake-build
-- Installing: /usr/local/share/vcpkg/packages/boost-cmake_x64-linux/share/boost/cmake-build/BoostFetch.cmake
-- Installing: /usr/local/share/vcpkg/packages/boost-cmake_x64-linux/share/boost/cmake-build/BoostTest.cmake
-- Installing: /usr/local/share/vcpkg/packages/boost-cmake_x64-linux/share/boost/cmake-build/BoostTestJamfile.cmake
-- Installing: /usr/local/share/vcpkg/packages/boost-cmake_x64-linux/share/boost/cmake-build/BoostInstall.cmake
-- Installing: /usr/local/share/vcpkg/packages/boost-cmake_x64-linux/share/boost/cmake-build/BoostRoot.cmake
-- Installing: /usr/local/share/vcpkg/packages/boost-cmake_x64-linux/share/boost/cmake-build/BoostMessage.cmake
-- Installing: /usr/local/share/vcpkg/packages/boost-cmake_x64-linux/share/boost-cmake/vcpkg-port-config.cmake
-- Installing: /usr/local/share/vcpkg/packages/boost-cmake_x64-linux/share/boost-cmake/usage
Downloading https://raw.githubusercontent.com/boostorg/boost/refs/tags/boost-1.88.0/LICENSE_1_0.txt -> boost-1.88.0-LICENSE_1_0.txt
Successfully downloaded boost-1.88.0-LICENSE_1_0.txt
-- Installing: /usr/local/share/vcpkg/packages/boost-cmake_x64-linux/share/boost-cmake/copyright
-- Performing post-build validation
Starting submission of boost-cmake:x64-linux@1.88.0 to 1 binary cache(s) in the background
Elapsed time to handle boost-cmake:x64-linux: 809 ms
boost-cmake:x64-linux package ABI: 2d86b9ededdc025372b4333e8ceeef527d492ae0b74b71a1a42e5e19c4692cd8
Installing 2/79 boost-headers:x64-linux@1.88.0...
Building boost-headers:x64-linux@1.88.0...
/home/runner/.cache/vcpkg/registries/git-trees/89fca00b9db236eb0cb0ea97b9db246c2db7b3e1: info: installing from git registry git+https://github.com/microsoft/vcpkg@89fca00b9db236eb0cb0ea97b9db246c2db7b3e1
Downloading https://github.com/boostorg/headers/archive/boost-1.88.0.tar.gz -> boostorg-headers-boost-1.88.0.tar.gz
Successfully downloaded boostorg-headers-boost-1.88.0.tar.gz
-- Extracting source /usr/local/share/vcpkg/downloads/boostorg-headers-boost-1.88.0.tar.gz
-- Using source at /usr/local/share/vcpkg/buildtrees/boost-headers/src/ost-1.88.0-aa76186add.clean
-- Configuring x64-linux
-- Building x64-linux-rel
-- Installing: /usr/local/share/vcpkg/packages/boost-headers_x64-linux/share/boost-headers/copyright
-- Performing post-build validation
Starting submission of boost-headers:x64-linux@1.88.0 to 1 binary cache(s) in the background
Elapsed time to handle boost-headers:x64-linux: 844 ms
boost-headers:x64-linux package ABI: d94e2dd34ca5af9b613b06a5c4f02bacd80e1380574dc5a2b1a3fe531ed9eeea
Completed submission of boost-cmake:x64-linux@1.88.0 to 1 binary cache(s) in 3.8 ms
Installing 3/79 boost-config:x64-linux@1.88.0...
Building boost-config:x64-linux@1.88.0...
/home/runner/.cache/vcpkg/registries/git-trees/08220601e68293ce84acafc748856e45db90b6e0: info: installing from git registry git+https://github.com/microsoft/vcpkg@08220601e68293ce84acafc748856e45db90b6e0
Downloading https://github.com/boostorg/config/archive/boost-1.88.0.tar.gz -> boostorg-config-boost-1.88.0.tar.gz
Successfully downloaded boostorg-config-boost-1.88.0.tar.gz
-- Extracting source /usr/local/share/vcpkg/downloads/boostorg-config-boost-1.88.0.tar.gz
-- Using source at /usr/local/share/vcpkg/buildtrees/boost-config/src/ost-1.88.0-1c5a9b795a.clean
-- Configuring x64-linux
-- Building x64-linux-rel
-- Installing: /usr/local/share/vcpkg/packages/boost-config_x64-linux/share/boost-config/copyright
-- Performing post-build validation
Starting submission of boost-config:x64-linux@1.88.0 to 1 binary cache(s) in the background
Elapsed time to handle boost-config:x64-linux: 1 s
boost-config:x64-linux package ABI: ca4ca9a892776b5fd9807fc99ffd0df14dc8fc88d03574d130d0818de9aeb686
Completed submission of boost-headers:x64-linux@1.88.0 to 1 binary cache(s) in 2.7 ms
Installing 4/79 boost-assert:x64-linux@1.88.0...
Building boost-assert:x64-linux@1.88.0...
/home/runner/.cache/vcpkg/registries/git-trees/d6e23ac8a35da1fa74839bde3a863d279a6059a3: info: installing from git registry git+https://github.com/microsoft/vcpkg@d6e23ac8a35da1fa74839bde3a863d279a6059a3
Downloading https://github.com/boostorg/assert/archive/boost-1.88.0.tar.gz -> boostorg-assert-boost-1.88.0.tar.gz
Successfully downloaded boostorg-assert-boost-1.88.0.tar.gz
-- Extracting source /usr/local/share/vcpkg/downloads/boostorg-assert-boost-1.88.0.tar.gz
-- Using source at /usr/local/share/vcpkg/buildtrees/boost-assert/src/ost-1.88.0-b153d29229.clean
-- Configuring x64-linux
-- Building x64-linux-rel
-- Installing: /usr/local/share/vcpkg/packages/boost-assert_x64-linux/share/boost-assert/copyright
-- Performing post-build validation
Starting submission of boost-assert:x64-linux@1.88.0 to 1 binary cache(s) in the background
Elapsed time to handle boost-assert:x64-linux: 866 ms
boost-assert:x64-linux package ABI: ad0cd2fc6f3a56f2260d206d376054d338ebbf9e7d3f9204414f56ce61219180
Completed submission of boost-config:x64-linux@1.88.0 to 1 binary cache(s) in 26.2 ms
Installing 5/79 boost-throw-exception:x64-linux@1.88.0...
Building boost-throw-exception:x64-linux@1.88.0...
/home/runner/.cache/vcpkg/registries/git-trees/cce052773fa40ae37c9497cf38739945720cf104: info: installing from git registry git+https://github.com/microsoft/vcpkg@cce052773fa40ae37c9497cf38739945720cf104
Downloading https://github.com/boostorg/throw_exception/archive/boost-1.88.0.tar.gz -> boostorg-throw_exception-boost-1.88.0.tar.gz
Successfully downloaded boostorg-throw_exception-boost-1.88.0.tar.gz
-- Extracting source /usr/local/share/vcpkg/downloads/boostorg-throw_exception-boost-1.88.0.tar.gz
-- Using source at /usr/local/share/vcpkg/buildtrees/boost-throw-exception/src/ost-1.88.0-48a7409424.clean
-- Configuring x64-linux
-- Building x64-linux-rel
-- Installing: /usr/local/share/vcpkg/packages/boost-throw-exception_x64-linux/share/boost-throw-exception/copyright
-- Performing post-build validation
Starting submission of boost-throw-exception:x64-linux@1.88.0 to 1 binary cache(s) in the background
Elapsed time to handle boost-throw-exception:x64-linux: 796 ms
boost-throw-exception:x64-linux package ABI: f006e115118f4b4f6e59115ecdba9ec78f54f930a4f4c3e0a57c417e67c61c2b
Completed submission of boost-assert:x64-linux@1.88.0 to 1 binary cache(s) in 3.53 ms
Installing 6/79 boost-predef:x64-linux@1.88.0...
Building boost-predef:x64-linux@1.88.0...
/home/runner/.cache/vcpkg/registries/git-trees/9800c52c1d92d169572ff2f2ed5fb936eb818c68: info: installing from git registry git+https://github.com/microsoft/vcpkg@9800c52c1d92d169572ff2f2ed5fb936eb818c68
Downloading https://github.com/boostorg/predef/archive/boost-1.88.0.tar.gz -> boostorg-predef-boost-1.88.0.tar.gz
Successfully downloaded boostorg-predef-boost-1.88.0.tar.gz
-- Extracting source /usr/local/share/vcpkg/downloads/boostorg-predef-boost-1.88.0.tar.gz
-- Using source at /usr/local/share/vcpkg/buildtrees/boost-predef/src/ost-1.88.0-4a841ac442.clean
-- Configuring x64-linux
-- Building x64-linux-rel
-- Installing: /usr/local/share/vcpkg/packages/boost-predef_x64-linux/share/boost-predef/copyright
-- Performing post-build validation
Starting submission of boost-predef:x64-linux@1.88.0 to 1 binary cache(s) in the background
Elapsed time to handle boost-predef:x64-linux: 888 ms
boost-predef:x64-linux package ABI: e37f7feab34d483d9891e3c31aa02058af368e28db9fa718a2d2f24062292930
Completed submission of boost-throw-exception:x64-linux@1.88.0 to 1 binary cache(s) in 3.75 ms
Installing 7/79 boost-winapi:x64-linux@1.88.0...
Building boost-winapi:x64-linux@1.88.0...
/home/runner/.cache/vcpkg/registries/git-trees/8b3ab1e64c2ac905bd598e30fba1101c5b8a2e72: info: installing from git registry git+https://github.com/microsoft/vcpkg@8b3ab1e64c2ac905bd598e30fba1101c5b8a2e72
Downloading https://github.com/boostorg/winapi/archive/boost-1.88.0.tar.gz -> boostorg-winapi-boost-1.88.0.tar.gz
Successfully downloaded boostorg-winapi-boost-1.88.0.tar.gz
-- Extracting source /usr/local/share/vcpkg/downloads/boostorg-winapi-boost-1.88.0.tar.gz
-- Using source at /usr/local/share/vcpkg/buildtrees/boost-winapi/src/ost-1.88.0-c578dec75e.clean
-- Configuring x64-linux
-- Building x64-linux-rel
-- Installing: /usr/local/share/vcpkg/packages/boost-winapi_x64-linux/share/boost-winapi/copyright
-- Performing post-build validation
Starting submission of boost-winapi:x64-linux@1.88.0 to 1 binary cache(s) in the background
Elapsed time to handle boost-winapi:x64-linux: 902 ms
boost-winapi:x64-linux package ABI: 0272df79ebedeac4f3a7359898553ba9db7717e18033980ab9275a0129ce81b0
Completed submission of boost-predef:x64-linux@1.88.0 to 1 binary cache(s) in 14.1 ms
Installing 8/79 boost-mp11:x64-linux@1.88.0...
Building boost-mp11:x64-linux@1.88.0...
/home/runner/.cache/vcpkg/registries/git-trees/2f04ead9077fd5a1906dde8aaedbbae09c5cab8c: info: installing from git registry git+https://github.com/microsoft/vcpkg@2f04ead9077fd5a1906dde8aaedbbae09c5cab8c
Downloading https://github.com/boostorg/mp11/archive/boost-1.88.0.tar.gz -> boostorg-mp11-boost-1.88.0.tar.gz
Successfully downloaded boostorg-mp11-boost-1.88.0.tar.gz
-- Extracting source /usr/local/share/vcpkg/downloads/boostorg-mp11-boost-1.88.0.tar.gz
-- Using source at /usr/local/share/vcpkg/buildtrees/boost-mp11/src/ost-1.88.0-73972791c9.clean
-- Configuring x64-linux
-- Building x64-linux-rel
-- Installing: /usr/local/share/vcpkg/packages/boost-mp11_x64-linux/share/boost-mp11/copyright
-- Performing post-build validation
Starting submission of boost-mp11:x64-linux@1.88.0 to 1 binary cache(s) in the background
Elapsed time to handle boost-mp11:x64-linux: 864 ms
boost-mp11:x64-linux package ABI: b34c0e9e67aac92977964fe684d9d08a2041b3667d9e72e4e510206f69a26faf
Completed submission of boost-winapi:x64-linux@1.88.0 to 1 binary cache(s) in 16.6 ms
Installing 9/79 boost-variant2:x64-linux@1.88.0...
Building boost-variant2:x64-linux@1.88.0...
/home/runner/.cache/vcpkg/registries/git-trees/caf09c0bd44b9d3a5d2c3b17762675acaf0baac0: info: installing from git registry git+https://github.com/microsoft/vcpkg@caf09c0bd44b9d3a5d2c3b17762675acaf0baac0
Downloading https://github.com/boostorg/variant2/archive/boost-1.88.0.tar.gz -> boostorg-variant2-boost-1.88.0.tar.gz
Successfully downloaded boostorg-variant2-boost-1.88.0.tar.gz
-- Extracting source /usr/local/share/vcpkg/downloads/boostorg-variant2-boost-1.88.0.tar.gz
-- Using source at /usr/local/share/vcpkg/buildtrees/boost-variant2/src/ost-1.88.0-d6fca4316f.clean
-- Configuring x64-linux
-- Building x64-linux-rel
-- Installing: /usr/local/share/vcpkg/packages/boost-variant2_x64-linux/share/boost-variant2/copyright
-- Performing post-build validation
Starting submission of boost-variant2:x64-linux@1.88.0 to 1 binary cache(s) in the background
Elapsed time to handle boost-variant2:x64-linux: 902 ms
boost-variant2:x64-linux package ABI: 1cb035793426dbf38947191cbb37e6f037bfa388d58873776f9f9a3152ac7eab
Completed submission of boost-mp11:x64-linux@1.88.0 to 1 binary cache(s) in 6.77 ms
Installing 10/79 boost-system:x64-linux@1.88.0...
Building boost-system:x64-linux@1.88.0...
/home/runner/.cache/vcpkg/registries/git-trees/737c0b0cf6378ebcf004985963d7d5503b4a0cce: info: installing from git registry git+https://github.com/microsoft/vcpkg@737c0b0cf6378ebcf004985963d7d5503b4a0cce
Downloading https://github.com/boostorg/system/archive/boost-1.88.0.tar.gz -> boostorg-system-boost-1.88.0.tar.gz
Successfully downloaded boostorg-system-boost-1.88.0.tar.gz
-- Extracting source /usr/local/share/vcpkg/downloads/boostorg-system-boost-1.88.0.tar.gz
-- Applying patch compat.diff
-- Using source at /usr/local/share/vcpkg/buildtrees/boost-system/src/ost-1.88.0-f53ce29d87.clean
-- Configuring x64-linux
-- Building x64-linux-dbg
-- Building x64-linux-rel
-- Installing: /usr/local/share/vcpkg/packages/boost-system_x64-linux/share/boost-system/copyright
-- Performing post-build validation
Starting submission of boost-system:x64-linux@1.88.0 to 1 binary cache(s) in the background
Elapsed time to handle boost-system:x64-linux: 1.8 s
boost-system:x64-linux package ABI: 16a5a73f53d42d6e2eb55ec9140ef6c65733c3ebe95fcda585659ed41cb366d0
Completed submission of boost-variant2:x64-linux@1.88.0 to 1 binary cache(s) in 4.41 ms
Installing 11/79 boost-static-assert:x64-linux@1.88.0...
Building boost-static-assert:x64-linux@1.88.0...
/home/runner/.cache/vcpkg/registries/git-trees/2cb92121f4df9c9b122c4837cb8e41ac1f4800b6: info: installing from git registry git+https://github.com/microsoft/vcpkg@2cb92121f4df9c9b122c4837cb8e41ac1f4800b6
Downloading https://github.com/boostorg/static_assert/archive/boost-1.88.0.tar.gz -> boostorg-static_assert-boost-1.88.0.tar.gz
Successfully downloaded boostorg-static_assert-boost-1.88.0.tar.gz
-- Extracting source /usr/local/share/vcpkg/downloads/boostorg-static_assert-boost-1.88.0.tar.gz
-- Using source at /usr/local/share/vcpkg/buildtrees/boost-static-assert/src/ost-1.88.0-f5f10f4cbe.clean
-- Configuring x64-linux
-- Building x64-linux-rel
-- Installing: /usr/local/share/vcpkg/packages/boost-static-assert_x64-linux/share/boost-static-assert/copyright
-- Performing post-build validation
Starting submission of boost-static-assert:x64-linux@1.88.0 to 1 binary cache(s) in the background
Elapsed time to handle boost-static-assert:x64-linux: 854 ms
boost-static-assert:x64-linux package ABI: 6fd0f8878780eb2f1d54b30c62bb0cdd04dcca2cf7682dfd2dbe9ebd090e5b6a
Completed submission of boost-system:x64-linux@1.88.0 to 1 binary cache(s) in 7.57 ms
Installing 12/79 boost-type-traits:x64-linux@1.88.0...
Building boost-type-traits:x64-linux@1.88.0...
/home/runner/.cache/vcpkg/registries/git-trees/5c25a4ff2c1fd4d4eb993dfed7cba2b32fd020a6: info: installing from git registry git+https://github.com/microsoft/vcpkg@5c25a4ff2c1fd4d4eb993dfed7cba2b32fd020a6
Downloading https://github.com/boostorg/type_traits/archive/boost-1.88.0.tar.gz -> boostorg-type_traits-boost-1.88.0.tar.gz
Successfully downloaded boostorg-type_traits-boost-1.88.0.tar.gz
-- Extracting source /usr/local/share/vcpkg/downloads/boostorg-type_traits-boost-1.88.0.tar.gz
-- Using source at /usr/local/share/vcpkg/buildtrees/boost-type-traits/src/ost-1.88.0-2dbf755bb8.clean
-- Configuring x64-linux
-- Building x64-linux-rel
-- Installing: /usr/local/share/vcpkg/packages/boost-type-traits_x64-linux/share/boost-type-traits/copyright
-- Performing post-build validation
Starting submission of boost-type-traits:x64-linux@1.88.0 to 1 binary cache(s) in the background
Elapsed time to handle boost-type-traits:x64-linux: 1.1 s
boost-type-traits:x64-linux package ABI: 0c2e3fd2595143f3456645d437bffdc30cd1b1773a7303abd268665372057e37
Completed submission of boost-static-assert:x64-linux@1.88.0 to 1 binary cache(s) in 2.83 ms
Installing 13/79 boost-preprocessor:x64-linux@1.88.0...
Building boost-preprocessor:x64-linux@1.88.0...
/home/runner/.cache/vcpkg/registries/git-trees/499a4341d1d58ed648cc36f9634e6eed3972bf9d: info: installing from git registry git+https://github.com/microsoft/vcpkg@499a4341d1d58ed648cc36f9634e6eed3972bf9d
Downloading https://github.com/boostorg/preprocessor/archive/boost-1.88.0.tar.gz -> boostorg-preprocessor-boost-1.88.0.tar.gz
Successfully downloaded boostorg-preprocessor-boost-1.88.0.tar.gz
-- Extracting source /usr/local/share/vcpkg/downloads/boostorg-preprocessor-boost-1.88.0.tar.gz
-- Using source at /usr/local/share/vcpkg/buildtrees/boost-preprocessor/src/ost-1.88.0-39949f1757.clean
-- Configuring x64-linux
-- Building x64-linux-rel
-- Installing: /usr/local/share/vcpkg/packages/boost-preprocessor_x64-linux/share/boost-preprocessor/copyright
-- Performing post-build validation
Starting submission of boost-preprocessor:x64-linux@1.88.0 to 1 binary cache(s) in the background
Elapsed time to handle boost-preprocessor:x64-linux: 1.2 s
boost-preprocessor:x64-linux package ABI: 8c50c42a3a7517369b3b75d530ca0f293359d015154650401469a920b78dae88
Completed submission of boost-type-traits:x64-linux@1.88.0 to 1 binary cache(s) in 28 ms
Installing 14/79 boost-io:x64-linux@1.88.0...
Building boost-io:x64-linux@1.88.0...
/home/runner/.cache/vcpkg/registries/git-trees/bf0040fba4e0e01974090341efb3a14e69226ff4: info: installing from git registry git+https://github.com/microsoft/vcpkg@bf0040fba4e0e01974090341efb3a14e69226ff4
Downloading https://github.com/boostorg/io/archive/boost-1.88.0.tar.gz -> boostorg-io-boost-1.88.0.tar.gz
Successfully downloaded boostorg-io-boost-1.88.0.tar.gz
-- Extracting source /usr/local/share/vcpkg/downloads/boostorg-io-boost-1.88.0.tar.gz
-- Using source at /usr/local/share/vcpkg/buildtrees/boost-io/src/ost-1.88.0-5f95ee3fba.clean
-- Configuring x64-linux
-- Building x64-linux-rel
-- Installing: /usr/local/share/vcpkg/packages/boost-io_x64-linux/share/boost-io/copyright
-- Performing post-build validation
Starting submission of boost-io:x64-linux@1.88.0 to 1 binary cache(s) in the background
Elapsed time to handle boost-io:x64-linux: 982 ms
boost-io:x64-linux package ABI: 439d7381ba7bb392bc37d7efff39555f3c721b6913bb7206e29a850ce93c24a9
Completed submission of boost-preprocessor:x64-linux@1.88.0 to 1 binary cache(s) in 94 ms
Installing 15/79 boost-core:x64-linux@1.88.0...
Building boost-core:x64-linux@1.88.0...
/home/runner/.cache/vcpkg/registries/git-trees/4c65d7305461035adb983409910487493fbc3c17: info: installing from git registry git+https://github.com/microsoft/vcpkg@4c65d7305461035adb983409910487493fbc3c17
Downloading https://github.com/boostorg/core/archive/boost-1.88.0.tar.gz -> boostorg-core-boost-1.88.0.tar.gz
Successfully downloaded boostorg-core-boost-1.88.0.tar.gz
-- Extracting source /usr/local/share/vcpkg/downloads/boostorg-core-boost-1.88.0.tar.gz
-- Using source at /usr/local/share/vcpkg/buildtrees/boost-core/src/ost-1.88.0-b96ab5501d.clean
-- Configuring x64-linux
-- Building x64-linux-rel
-- Installing: /usr/local/share/vcpkg/packages/boost-core_x64-linux/share/boost-core/copyright
-- Performing post-build validation
Starting submission of boost-core:x64-linux@1.88.0 to 1 binary cache(s) in the background
Elapsed time to handle boost-core:x64-linux: 831 ms
boost-core:x64-linux package ABI: 361b13fb8db46ad57a8ca2bb535526b2deb67d3b44b8a8d42ed4449126c986ec
Completed submission of boost-io:x64-linux@1.88.0 to 1 binary cache(s) in 3.49 ms
Installing 16/79 boost-utility:x64-linux@1.88.0...
Building boost-utility:x64-linux@1.88.0...
/home/runner/.cache/vcpkg/registries/git-trees/9600bd33e0b671744e96c3d032170cf4ee1d1be5: info: installing from git registry git+https://github.com/microsoft/vcpkg@9600bd33e0b671744e96c3d032170cf4ee1d1be5
Downloading https://github.com/boostorg/utility/archive/boost-1.88.0.tar.gz -> boostorg-utility-boost-1.88.0.tar.gz
Successfully downloaded boostorg-utility-boost-1.88.0.tar.gz
-- Extracting source /usr/local/share/vcpkg/downloads/boostorg-utility-boost-1.88.0.tar.gz
-- Using source at /usr/local/share/vcpkg/buildtrees/boost-utility/src/ost-1.88.0-9cd0a102dc.clean
-- Configuring x64-linux
-- Building x64-linux-rel
-- Installing: /usr/local/share/vcpkg/packages/boost-utility_x64-linux/share/boost-utility/copyright
-- Performing post-build validation
Starting submission of boost-utility:x64-linux@1.88.0 to 1 binary cache(s) in the background
Elapsed time to handle boost-utility:x64-linux: 835 ms
boost-utility:x64-linux package ABI: 819c6320bfc82ab58b750f9e947dcfea6bfaaebc7cf2ba384e0db8ea72f7772a
Completed submission of boost-core:x64-linux@1.88.0 to 1 binary cache(s) in 13.4 ms
Installing 17/79 boost-optional:x64-linux@1.88.0...
Building boost-optional:x64-linux@1.88.0...
/home/runner/.cache/vcpkg/registries/git-trees/1c8c7aa2e1a750a5faf818b3bc8e0491f415b489: info: installing from git registry git+https://github.com/microsoft/vcpkg@1c8c7aa2e1a750a5faf818b3bc8e0491f415b489
Downloading https://github.com/boostorg/optional/archive/boost-1.88.0.tar.gz -> boostorg-optional-boost-1.88.0.tar.gz
Successfully downloaded boostorg-optional-boost-1.88.0.tar.gz
-- Extracting source /usr/local/share/vcpkg/downloads/boostorg-optional-boost-1.88.0.tar.gz
-- Using source at /usr/local/share/vcpkg/buildtrees/boost-optional/src/ost-1.88.0-04986b0dfa.clean
-- Configuring x64-linux
-- Building x64-linux-rel
-- Installing: /usr/local/share/vcpkg/packages/boost-optional_x64-linux/share/boost-optional/copyright
-- Performing post-build validation
Starting submission of boost-optional:x64-linux@1.88.0 to 1 binary cache(s) in the background
Elapsed time to handle boost-optional:x64-linux: 907 ms
boost-optional:x64-linux package ABI: 7bba3fdc0584768e131eb4c0f3f03a9e4a49fe1a1b8656d3275e2258ac5592fe
Completed submission of boost-utility:x64-linux@1.88.0 to 1 binary cache(s) in 8.53 ms
Installing 18/79 boost-mpl:x64-linux@1.88.0...
Building boost-mpl:x64-linux@1.88.0...
/home/runner/.cache/vcpkg/registries/git-trees/6cdd95078ed4dc9bd700884cfc132dca24a99013: info: installing from git registry git+https://github.com/microsoft/vcpkg@6cdd95078ed4dc9bd700884cfc132dca24a99013
Downloading https://github.com/boostorg/mpl/archive/boost-1.88.0.tar.gz -> boostorg-mpl-boost-1.88.0.tar.gz
Successfully downloaded boostorg-mpl-boost-1.88.0.tar.gz
-- Extracting source /usr/local/share/vcpkg/downloads/boostorg-mpl-boost-1.88.0.tar.gz
-- Applying patch fix-msvc-build.diff
-- Using source at /usr/local/share/vcpkg/buildtrees/boost-mpl/src/ost-1.88.0-fa0ace56fe.clean
-- Configuring x64-linux
-- Building x64-linux-rel
-- Installing: /usr/local/share/vcpkg/packages/boost-mpl_x64-linux/share/boost-mpl/copyright
-- Performing post-build validation
Starting submission of boost-mpl:x64-linux@1.88.0 to 1 binary cache(s) in the background
Elapsed time to handle boost-mpl:x64-linux: 1.2 s
boost-mpl:x64-linux package ABI: 2bc40c4e36d689f81d858da061a0e9ff296433a43abd5c3553ecba1cd4c40963
Completed submission of boost-optional:x64-linux@1.88.0 to 1 binary cache(s) in 5.09 ms
Installing 19/79 boost-typeof:x64-linux@1.88.0...
Building boost-typeof:x64-linux@1.88.0...
/home/runner/.cache/vcpkg/registries/git-trees/75c8940f03c4002bb502d869a77288d59081d026: info: installing from git registry git+https://github.com/microsoft/vcpkg@75c8940f03c4002bb502d869a77288d59081d026
Downloading https://github.com/boostorg/typeof/archive/boost-1.88.0.tar.gz -> boostorg-typeof-boost-1.88.0.tar.gz
Successfully downloaded boostorg-typeof-boost-1.88.0.tar.gz
-- Extracting source /usr/local/share/vcpkg/downloads/boostorg-typeof-boost-1.88.0.tar.gz
-- Using source at /usr/local/share/vcpkg/buildtrees/boost-typeof/src/ost-1.88.0-dc32e7fe62.clean
-- Configuring x64-linux
-- Building x64-linux-rel
-- Installing: /usr/local/share/vcpkg/packages/boost-typeof_x64-linux/share/boost-typeof/copyright
-- Performing post-build validation
Starting submission of boost-typeof:x64-linux@1.88.0 to 1 binary cache(s) in the background
Elapsed time to handle boost-typeof:x64-linux: 850 ms
boost-typeof:x64-linux package ABI: a2afb76a841c246ddb689129d648b566062220d26380486077d31a0ac417bf76
Completed submission of boost-mpl:x64-linux@1.88.0 to 1 binary cache(s) in 100 ms
Installing 20/79 boost-tuple:x64-linux@1.88.0...
Building boost-tuple:x64-linux@1.88.0...
/home/runner/.cache/vcpkg/registries/git-trees/55ab535f246ac9b26b4a76d5182fc593914bd691: info: installing from git registry git+https://github.com/microsoft/vcpkg@55ab535f246ac9b26b4a76d5182fc593914bd691
Downloading https://github.com/boostorg/tuple/archive/boost-1.88.0.tar.gz -> boostorg-tuple-boost-1.88.0.tar.gz
Successfully downloaded boostorg-tuple-boost-1.88.0.tar.gz
-- Extracting source /usr/local/share/vcpkg/downloads/boostorg-tuple-boost-1.88.0.tar.gz
-- Using source at /usr/local/share/vcpkg/buildtrees/boost-tuple/src/ost-1.88.0-1590de8f80.clean
-- Configuring x64-linux
-- Building x64-linux-rel
-- Installing: /usr/local/share/vcpkg/packages/boost-tuple_x64-linux/share/boost-tuple/copyright
-- Performing post-build validation
Starting submission of boost-tuple:x64-linux@1.88.0 to 1 binary cache(s) in the background
Elapsed time to handle boost-tuple:x64-linux: 1 s
boost-tuple:x64-linux package ABI: 105ba83d0bbd970c319d3e114383f89a4a5b55c2b16c08a6be213366dac832db
Completed submission of boost-typeof:x64-linux@1.88.0 to 1 binary cache(s) in 4.43 ms
Installing 21/79 boost-detail:x64-linux@1.88.0...
Building boost-detail:x64-linux@1.88.0...
/home/runner/.cache/vcpkg/registries/git-trees/98a332b03b6cea4761f88e91583365d6541a363a: info: installing from git registry git+https://github.com/microsoft/vcpkg@98a332b03b6cea4761f88e91583365d6541a363a
Downloading https://github.com/boostorg/detail/archive/boost-1.88.0.tar.gz -> boostorg-detail-boost-1.88.0.tar.gz
Successfully downloaded boostorg-detail-boost-1.88.0.tar.gz
-- Extracting source /usr/local/share/vcpkg/downloads/boostorg-detail-boost-1.88.0.tar.gz
-- Using source at /usr/local/share/vcpkg/buildtrees/boost-detail/src/ost-1.88.0-5224a59fa4.clean
-- Configuring x64-linux
-- Building x64-linux-rel
-- Installing: /usr/local/share/vcpkg/packages/boost-detail_x64-linux/share/boost-detail/copyright
-- Performing post-build validation
Starting submission of boost-detail:x64-linux@1.88.0 to 1 binary cache(s) in the background
Elapsed time to handle boost-detail:x64-linux: 975 ms
boost-detail:x64-linux package ABI: be6f9ad8c6fe9a3f304c271c2f5a6fd86ea6cc755fdfe54718de9c2d914e0010
Completed submission of boost-tuple:x64-linux@1.88.0 to 1 binary cache(s) in 4.03 ms
Installing 22/79 boost-function-types:x64-linux@1.88.0...
Building boost-function-types:x64-linux@1.88.0...
/home/runner/.cache/vcpkg/registries/git-trees/89350648b176e8b7fa29c581eacb759399beb1a4: info: installing from git registry git+https://github.com/microsoft/vcpkg@89350648b176e8b7fa29c581eacb759399beb1a4
Downloading https://github.com/boostorg/function_types/archive/boost-1.88.0.tar.gz -> boostorg-function_types-boost-1.88.0.tar.gz
Successfully downloaded boostorg-function_types-boost-1.88.0.tar.gz
-- Extracting source /usr/local/share/vcpkg/downloads/boostorg-function_types-boost-1.88.0.tar.gz
-- Using source at /usr/local/share/vcpkg/buildtrees/boost-function-types/src/ost-1.88.0-c035a812a9.clean
-- Configuring x64-linux
-- Building x64-linux-rel
-- Installing: /usr/local/share/vcpkg/packages/boost-function-types_x64-linux/share/boost-function-types/copyright
-- Performing post-build validation
Starting submission of boost-function-types:x64-linux@1.88.0 to 1 binary cache(s) in the background
Elapsed time to handle boost-function-types:x64-linux: 937 ms
boost-function-types:x64-linux package ABI: f04dcd939b2290a3d64c2be2a3af857baa04940333b5efe5b0305ce963db4649
Completed submission of boost-detail:x64-linux@1.88.0 to 1 binary cache(s) in 6.58 ms
Installing 23/79 boost-bind:x64-linux@1.88.0...
Building boost-bind:x64-linux@1.88.0...
/home/runner/.cache/vcpkg/registries/git-trees/a15c751451e95db5247d6cfb51087fdc9d4c358d: info: installing from git registry git+https://github.com/microsoft/vcpkg@a15c751451e95db5247d6cfb51087fdc9d4c358d
Downloading https://github.com/boostorg/bind/archive/boost-1.88.0.tar.gz -> boostorg-bind-boost-1.88.0.tar.gz
Successfully downloaded boostorg-bind-boost-1.88.0.tar.gz
-- Extracting source /usr/local/share/vcpkg/downloads/boostorg-bind-boost-1.88.0.tar.gz
-- Using source at /usr/local/share/vcpkg/buildtrees/boost-bind/src/ost-1.88.0-bf0ada17c7.clean
-- Configuring x64-linux
-- Building x64-linux-rel
-- Installing: /usr/local/share/vcpkg/packages/boost-bind_x64-linux/share/boost-bind/copyright
-- Performing post-build validation
Starting submission of boost-bind:x64-linux@1.88.0 to 1 binary cache(s) in the background
Elapsed time to handle boost-bind:x64-linux: 961 ms
boost-bind:x64-linux package ABI: b9e65f561a09cdd7d42343dccb200967693328eb311224298f7f5796e471bf22
Completed submission of boost-function-types:x64-linux@1.88.0 to 1 binary cache(s) in 12.5 ms
Installing 24/79 boost-function:x64-linux@1.88.0...
Building boost-function:x64-linux@1.88.0...
/home/runner/.cache/vcpkg/registries/git-trees/dd9ac4db4f4b66a229827fe980cf6383a5e7d3a6: info: installing from git registry git+https://github.com/microsoft/vcpkg@dd9ac4db4f4b66a229827fe980cf6383a5e7d3a6
Downloading https://github.com/boostorg/function/archive/boost-1.88.0.tar.gz -> boostorg-function-boost-1.88.0.tar.gz
Successfully downloaded boostorg-function-boost-1.88.0.tar.gz
-- Extracting source /usr/local/share/vcpkg/downloads/boostorg-function-boost-1.88.0.tar.gz
-- Using source at /usr/local/share/vcpkg/buildtrees/boost-function/src/ost-1.88.0-e750071483.clean
-- Configuring x64-linux
-- Building x64-linux-rel
-- Installing: /usr/local/share/vcpkg/packages/boost-function_x64-linux/share/boost-function/copyright
-- Performing post-build validation
Starting submission of boost-function:x64-linux@1.88.0 to 1 binary cache(s) in the background
Elapsed time to handle boost-function:x64-linux: 903 ms
boost-function:x64-linux package ABI: c393af80f6018675fd08cd0cd7380a3cc6d8ab31fddc2fd96e1521da0bd405d9
Completed submission of boost-bind:x64-linux@1.88.0 to 1 binary cache(s) in 4.61 ms
Installing 25/79 boost-functional:x64-linux@1.88.0...
Building boost-functional:x64-linux@1.88.0...
/home/runner/.cache/vcpkg/registries/git-trees/2ff2af6a3352bb8fbf08b0c8d0ee09be73db31d4: info: installing from git registry git+https://github.com/microsoft/vcpkg@2ff2af6a3352bb8fbf08b0c8d0ee09be73db31d4
Downloading https://github.com/boostorg/functional/archive/boost-1.88.0.tar.gz -> boostorg-functional-boost-1.88.0.tar.gz
Successfully downloaded boostorg-functional-boost-1.88.0.tar.gz
-- Extracting source /usr/local/share/vcpkg/downloads/boostorg-functional-boost-1.88.0.tar.gz
-- Using source at /usr/local/share/vcpkg/buildtrees/boost-functional/src/ost-1.88.0-5f23a228ff.clean
-- Configuring x64-linux
-- Building x64-linux-rel
-- Installing: /usr/local/share/vcpkg/packages/boost-functional_x64-linux/share/boost-functional/copyright
-- Performing post-build validation
Starting submission of boost-functional:x64-linux@1.88.0 to 1 binary cache(s) in the background
Elapsed time to handle boost-functional:x64-linux: 919 ms
boost-functional:x64-linux package ABI: 4b5b86b337689238151644dceb60151000e25e28501ee1271a4709f3faf9353f
Completed submission of boost-function:x64-linux@1.88.0 to 1 binary cache(s) in 4.71 ms
Installing 26/79 boost-describe:x64-linux@1.88.0...
Building boost-describe:x64-linux@1.88.0...
/home/runner/.cache/vcpkg/registries/git-trees/c8f7e17ade0012c59a0f0a4fd2eed310e46a62a2: info: installing from git registry git+https://github.com/microsoft/vcpkg@c8f7e17ade0012c59a0f0a4fd2eed310e46a62a2
Downloading https://github.com/boostorg/describe/archive/boost-1.88.0.tar.gz -> boostorg-describe-boost-1.88.0.tar.gz
Successfully downloaded boostorg-describe-boost-1.88.0.tar.gz
-- Extracting source /usr/local/share/vcpkg/downloads/boostorg-describe-boost-1.88.0.tar.gz
-- Using source at /usr/local/share/vcpkg/buildtrees/boost-describe/src/ost-1.88.0-590ba4e47e.clean
-- Configuring x64-linux
-- Building x64-linux-rel
-- Installing: /usr/local/share/vcpkg/packages/boost-describe_x64-linux/share/boost-describe/copyright
-- Performing post-build validation
Starting submission of boost-describe:x64-linux@1.88.0 to 1 binary cache(s) in the background
Elapsed time to handle boost-describe:x64-linux: 877 ms
boost-describe:x64-linux package ABI: 8bcf8d3c23abf24d94794d2e3789fdfc23acb6a85580bb207e87686813971b4b
Completed submission of boost-functional:x64-linux@1.88.0 to 1 binary cache(s) in 4.41 ms
Installing 27/79 boost-container-hash:x64-linux@1.88.0...
Building boost-container-hash:x64-linux@1.88.0...
/home/runner/.cache/vcpkg/registries/git-trees/ea1718341f6ab05a1e8de70803f2217501121b22: info: installing from git registry git+https://github.com/microsoft/vcpkg@ea1718341f6ab05a1e8de70803f2217501121b22
Downloading https://github.com/boostorg/container_hash/archive/boost-1.88.0.tar.gz -> boostorg-container_hash-boost-1.88.0.tar.gz
Successfully downloaded boostorg-container_hash-boost-1.88.0.tar.gz
-- Extracting source /usr/local/share/vcpkg/downloads/boostorg-container_hash-boost-1.88.0.tar.gz
-- Using source at /usr/local/share/vcpkg/buildtrees/boost-container-hash/src/ost-1.88.0-3cebf95663.clean
-- Configuring x64-linux
-- Building x64-linux-rel
-- Installing: /usr/local/share/vcpkg/packages/boost-container-hash_x64-linux/share/boost-container-hash/copyright
-- Performing post-build validation
Starting submission of boost-container-hash:x64-linux@1.88.0 to 1 binary cache(s) in the background
Elapsed time to handle boost-container-hash:x64-linux: 878 ms
boost-container-hash:x64-linux package ABI: 902ae8c7c91198eae55f470be5dcf1e33a0c286acc1df3ecfbf5188e5ce7634e
Completed submission of boost-describe:x64-linux@1.88.0 to 1 binary cache(s) in 4.47 ms
Installing 28/79 boost-fusion:x64-linux@1.88.0...
Building boost-fusion:x64-linux@1.88.0...
/home/runner/.cache/vcpkg/registries/git-trees/bd409c100d97251c34028434e9229dbdc2a9b6ab: info: installing from git registry git+https://github.com/microsoft/vcpkg@bd409c100d97251c34028434e9229dbdc2a9b6ab
Downloading https://github.com/boostorg/fusion/archive/boost-1.88.0.tar.gz -> boostorg-fusion-boost-1.88.0.tar.gz
Successfully downloaded boostorg-fusion-boost-1.88.0.tar.gz
-- Extracting source /usr/local/share/vcpkg/downloads/boostorg-fusion-boost-1.88.0.tar.gz
-- Using source at /usr/local/share/vcpkg/buildtrees/boost-fusion/src/ost-1.88.0-1dce9c04b1.clean
-- Configuring x64-linux
-- Building x64-linux-rel
-- Installing: /usr/local/share/vcpkg/packages/boost-fusion_x64-linux/share/boost-fusion/copyright
-- Performing post-build validation
Starting submission of boost-fusion:x64-linux@1.88.0 to 1 binary cache(s) in the background
Elapsed time to handle boost-fusion:x64-linux: 1.4 s
boost-fusion:x64-linux package ABI: d6c471a9e052c2498f6d61e412f8dff6478df3fbae62ee56e6726781e0ad99ba
Completed submission of boost-container-hash:x64-linux@1.88.0 to 1 binary cache(s) in 4.3 ms
Installing 29/79 boost-concept-check:x64-linux@1.88.0...
Building boost-concept-check:x64-linux@1.88.0...
/home/runner/.cache/vcpkg/registries/git-trees/c0ca6d1964dab6ed90d303669d4b7f793984c51f: info: installing from git registry git+https://github.com/microsoft/vcpkg@c0ca6d1964dab6ed90d303669d4b7f793984c51f
Downloading https://github.com/boostorg/concept_check/archive/boost-1.88.0.tar.gz -> boostorg-concept_check-boost-1.88.0.tar.gz
Successfully downloaded boostorg-concept_check-boost-1.88.0.tar.gz
-- Extracting source /usr/local/share/vcpkg/downloads/boostorg-concept_check-boost-1.88.0.tar.gz
-- Using source at /usr/local/share/vcpkg/buildtrees/boost-concept-check/src/ost-1.88.0-b83e6f9b40.clean
-- Configuring x64-linux
-- Building x64-linux-rel
-- Installing: /usr/local/share/vcpkg/packages/boost-concept-check_x64-linux/share/boost-concept-check/copyright
-- Performing post-build validation
Starting submission of boost-concept-check:x64-linux@1.88.0 to 1 binary cache(s) in the background
Elapsed time to handle boost-concept-check:x64-linux: 824 ms
boost-concept-check:x64-linux package ABI: 49e42b76dda84fd3ad91e0ec5a7056f7291e649688db3fa41afc4f3ab7c94a83
Completed submission of boost-fusion:x64-linux@1.88.0 to 1 binary cache(s) in 175 ms
Installing 30/79 boost-iterator:x64-linux@1.88.0...
Building boost-iterator:x64-linux@1.88.0...
/home/runner/.cache/vcpkg/registries/git-trees/8c9d7242f99b48a2179719640bc47c4a8a2f8f70: info: installing from git registry git+https://github.com/microsoft/vcpkg@8c9d7242f99b48a2179719640bc47c4a8a2f8f70
Downloading https://github.com/boostorg/iterator/archive/boost-1.88.0.tar.gz -> boostorg-iterator-boost-1.88.0.tar.gz
Successfully downloaded boostorg-iterator-boost-1.88.0.tar.gz
-- Extracting source /usr/local/share/vcpkg/downloads/boostorg-iterator-boost-1.88.0.tar.gz
-- Using source at /usr/local/share/vcpkg/buildtrees/boost-iterator/src/ost-1.88.0-51514a5505.clean
-- Configuring x64-linux
-- Building x64-linux-rel
-- Installing: /usr/local/share/vcpkg/packages/boost-iterator_x64-linux/share/boost-iterator/copyright
-- Performing post-build validation
Starting submission of boost-iterator:x64-linux@1.88.0 to 1 binary cache(s) in the background
Elapsed time to handle boost-iterator:x64-linux: 1.2 s
boost-iterator:x64-linux package ABI: a51dcb74c030bc0ae5b851aaef9b11c39ed759d5ebd1c740617de62e03bab569
Completed submission of boost-concept-check:x64-linux@1.88.0 to 1 binary cache(s) in 6.02 ms
Installing 31/79 boost-tokenizer:x64-linux@1.88.0...
Building boost-tokenizer:x64-linux@1.88.0...
/home/runner/.cache/vcpkg/registries/git-trees/221203f5ced5b51f2908b045dcacc1e9b5140b33: info: installing from git registry git+https://github.com/microsoft/vcpkg@221203f5ced5b51f2908b045dcacc1e9b5140b33
Downloading https://github.com/boostorg/tokenizer/archive/boost-1.88.0.tar.gz -> boostorg-tokenizer-boost-1.88.0.tar.gz
Successfully downloaded boostorg-tokenizer-boost-1.88.0.tar.gz
-- Extracting source /usr/local/share/vcpkg/downloads/boostorg-tokenizer-boost-1.88.0.tar.gz
-- Using source at /usr/local/share/vcpkg/buildtrees/boost-tokenizer/src/ost-1.88.0-2778161568.clean
-- Configuring x64-linux
-- Building x64-linux-rel
-- Installing: /usr/local/share/vcpkg/packages/boost-tokenizer_x64-linux/share/boost-tokenizer/copyright
-- Performing post-build validation
Starting submission of boost-tokenizer:x64-linux@1.88.0 to 1 binary cache(s) in the background
Elapsed time to handle boost-tokenizer:x64-linux: 982 ms
boost-tokenizer:x64-linux package ABI: 97e09d8d8cacb7d0ac14b1a9a3900ca87a6ee217757b1e000cac47b0ae76ad01
Completed submission of boost-iterator:x64-linux@1.88.0 to 1 binary cache(s) in 7.92 ms
Installing 32/79 boost-smart-ptr:x64-linux@1.88.0...
Building boost-smart-ptr:x64-linux@1.88.0...
/home/runner/.cache/vcpkg/registries/git-trees/e65d7713ee5deba4953e849c2d8a370d65ae964e: info: installing from git registry git+https://github.com/microsoft/vcpkg@e65d7713ee5deba4953e849c2d8a370d65ae964e
Downloading https://github.com/boostorg/smart_ptr/archive/boost-1.88.0.tar.gz -> boostorg-smart_ptr-boost-1.88.0.tar.gz
Successfully downloaded boostorg-smart_ptr-boost-1.88.0.tar.gz
-- Extracting source /usr/local/share/vcpkg/downloads/boostorg-smart_ptr-boost-1.88.0.tar.gz
-- Using source at /usr/local/share/vcpkg/buildtrees/boost-smart-ptr/src/ost-1.88.0-22d9bb8b79.clean
-- Configuring x64-linux
-- Building x64-linux-rel
-- Installing: /usr/local/share/vcpkg/packages/boost-smart-ptr_x64-linux/share/boost-smart-ptr/copyright
-- Performing post-build validation
Starting submission of boost-smart-ptr:x64-linux@1.88.0 to 1 binary cache(s) in the background
Elapsed time to handle boost-smart-ptr:x64-linux: 910 ms
boost-smart-ptr:x64-linux package ABI: 217dcf3479ef0c6b0aa7001826edd50e66203954efa7b9e8c2e02cac018bcb0a
Completed submission of boost-tokenizer:x64-linux@1.88.0 to 1 binary cache(s) in 3.98 ms
Installing 33/79 boost-integer:x64-linux@1.88.0...
Building boost-integer:x64-linux@1.88.0...
/home/runner/.cache/vcpkg/registries/git-trees/74fcf2f7483b0b82c14d59e9feaa006a75403e3d: info: installing from git registry git+https://github.com/microsoft/vcpkg@74fcf2f7483b0b82c14d59e9feaa006a75403e3d
Downloading https://github.com/boostorg/integer/archive/boost-1.88.0.tar.gz -> boostorg-integer-boost-1.88.0.tar.gz
Successfully downloaded boostorg-integer-boost-1.88.0.tar.gz
-- Extracting source /usr/local/share/vcpkg/downloads/boostorg-integer-boost-1.88.0.tar.gz
-- Using source at /usr/local/share/vcpkg/buildtrees/boost-integer/src/ost-1.88.0-164b88b839.clean
-- Configuring x64-linux
-- Building x64-linux-rel
-- Installing: /usr/local/share/vcpkg/packages/boost-integer_x64-linux/share/boost-integer/copyright
-- Performing post-build validation
Starting submission of boost-integer:x64-linux@1.88.0 to 1 binary cache(s) in the background
Elapsed time to handle boost-integer:x64-linux: 817 ms
boost-integer:x64-linux package ABI: 1b9153cf1d6d15d26b71b633f672b615ec1e23d33c00dcc3eb771f6f3a2632f4
Completed submission of boost-smart-ptr:x64-linux@1.88.0 to 1 binary cache(s) in 12.5 ms
Installing 34/79 boost-regex:x64-linux@1.88.0...
Building boost-regex:x64-linux@1.88.0...
/home/runner/.cache/vcpkg/registries/git-trees/dd6a6b9acf08471a6fae62bf01f6d31d813674ec: info: installing from git registry git+https://github.com/microsoft/vcpkg@dd6a6b9acf08471a6fae62bf01f6d31d813674ec
Downloading https://github.com/boostorg/regex/archive/boost-1.88.0.tar.gz -> boostorg-regex-boost-1.88.0.tar.gz
Successfully downloaded boostorg-regex-boost-1.88.0.tar.gz
-- Extracting source /usr/local/share/vcpkg/downloads/boostorg-regex-boost-1.88.0.tar.gz
-- Applying patch compat.diff
-- Using source at /usr/local/share/vcpkg/buildtrees/boost-regex/src/ost-1.88.0-2c223cbe1f.clean
-- Configuring x64-linux
-- Building x64-linux-rel
-- Installing: /usr/local/share/vcpkg/packages/boost-regex_x64-linux/share/boost-regex/copyright
-- Performing post-build validation
Starting submission of boost-regex:x64-linux@1.88.0 to 1 binary cache(s) in the background
Elapsed time to handle boost-regex:x64-linux: 1.3 s
boost-regex:x64-linux package ABI: 0c9f92c3d780b2de0d40503d51c083467b31867a078da31a8c9d14ff32023c4a
Completed submission of boost-integer:x64-linux@1.88.0 to 1 binary cache(s) in 5.38 ms
Installing 35/79 boost-conversion:x64-linux@1.88.0...
Building boost-conversion:x64-linux@1.88.0...
/home/runner/.cache/vcpkg/registries/git-trees/c42652f6df8bd8617a314dfe5fe4c2faf1a7dedd: info: installing from git registry git+https://github.com/microsoft/vcpkg@c42652f6df8bd8617a314dfe5fe4c2faf1a7dedd
Downloading https://github.com/boostorg/conversion/archive/boost-1.88.0.tar.gz -> boostorg-conversion-boost-1.88.0.tar.gz
Successfully downloaded boostorg-conversion-boost-1.88.0.tar.gz
-- Extracting source /usr/local/share/vcpkg/downloads/boostorg-conversion-boost-1.88.0.tar.gz
-- Using source at /usr/local/share/vcpkg/buildtrees/boost-conversion/src/ost-1.88.0-77611f6ca4.clean
-- Configuring x64-linux
-- Building x64-linux-rel
-- Installing: /usr/local/share/vcpkg/packages/boost-conversion_x64-linux/share/boost-conversion/copyright
-- Performing post-build validation
Starting submission of boost-conversion:x64-linux@1.88.0 to 1 binary cache(s) in the background
Elapsed time to handle boost-conversion:x64-linux: 869 ms
boost-conversion:x64-linux package ABI: df75cb2d0066954ed83123fe3582bdd0148d9d784a261f9732130f7099cf346c
Completed submission of boost-regex:x64-linux@1.88.0 to 1 binary cache(s) in 38.7 ms
Installing 36/79 boost-array:x64-linux@1.88.0...
Building boost-array:x64-linux@1.88.0...
/home/runner/.cache/vcpkg/registries/git-trees/ac9d6b735393768df04f6dafaf12d503cb133e6d: info: installing from git registry git+https://github.com/microsoft/vcpkg@ac9d6b735393768df04f6dafaf12d503cb133e6d
Downloading https://github.com/boostorg/array/archive/boost-1.88.0.tar.gz -> boostorg-array-boost-1.88.0.tar.gz
Successfully downloaded boostorg-array-boost-1.88.0.tar.gz
-- Extracting source /usr/local/share/vcpkg/downloads/boostorg-array-boost-1.88.0.tar.gz
-- Using source at /usr/local/share/vcpkg/buildtrees/boost-array/src/ost-1.88.0-2adb23ad65.clean
-- Configuring x64-linux
-- Building x64-linux-rel
-- Installing: /usr/local/share/vcpkg/packages/boost-array_x64-linux/share/boost-array/copyright
-- Performing post-build validation
Starting submission of boost-array:x64-linux@1.88.0 to 1 binary cache(s) in the background
Elapsed time to handle boost-array:x64-linux: 844 ms
boost-array:x64-linux package ABI: 61d43bdf8a4b87469b33888095a43126a5f43762ba0db203ca9335fb5c9deeb9
Completed submission of boost-conversion:x64-linux@1.88.0 to 1 binary cache(s) in 3.08 ms
Installing 37/79 boost-range:x64-linux@1.88.0...
Building boost-range:x64-linux@1.88.0...
/home/runner/.cache/vcpkg/registries/git-trees/81d6d0d0180e3c891f8b9de796b017ab7c0f5659: info: installing from git registry git+https://github.com/microsoft/vcpkg@81d6d0d0180e3c891f8b9de796b017ab7c0f5659
Downloading https://github.com/boostorg/range/archive/boost-1.88.0.tar.gz -> boostorg-range-boost-1.88.0.tar.gz
Successfully downloaded boostorg-range-boost-1.88.0.tar.gz
-- Extracting source /usr/local/share/vcpkg/downloads/boostorg-range-boost-1.88.0.tar.gz
-- Using source at /usr/local/share/vcpkg/buildtrees/boost-range/src/ost-1.88.0-5653dbb6ea.clean
-- Configuring x64-linux
-- Building x64-linux-rel
-- Installing: /usr/local/share/vcpkg/packages/boost-range_x64-linux/share/boost-range/copyright
-- Performing post-build validation
Starting submission of boost-range:x64-linux@1.88.0 to 1 binary cache(s) in the background
Elapsed time to handle boost-range:x64-linux: 985 ms
boost-range:x64-linux package ABI: 9e1e3d3f40539ebbe59812d8987def9973afadfd8de00d4d913dc131fd2d68b7
Completed submission of boost-array:x64-linux@1.88.0 to 1 binary cache(s) in 2.9 ms
Installing 38/79 boost-numeric-conversion:x64-linux@1.88.0...
Building boost-numeric-conversion:x64-linux@1.88.0...
/home/runner/.cache/vcpkg/registries/git-trees/79af9270e64b3948e4fe3c0c911614c090450bae: info: installing from git registry git+https://github.com/microsoft/vcpkg@79af9270e64b3948e4fe3c0c911614c090450bae
Downloading https://github.com/boostorg/numeric_conversion/archive/boost-1.88.0.tar.gz -> boostorg-numeric_conversion-boost-1.88.0.tar.gz
Successfully downloaded boostorg-numeric_conversion-boost-1.88.0.tar.gz
-- Extracting source /usr/local/share/vcpkg/downloads/boostorg-numeric_conversion-boost-1.88.0.tar.gz
-- Using source at /usr/local/share/vcpkg/buildtrees/boost-numeric-conversion/src/ost-1.88.0-0973b8e81b.clean
-- Configuring x64-linux
-- Building x64-linux-rel
-- Installing: /usr/local/share/vcpkg/packages/boost-numeric-conversion_x64-linux/share/boost-numeric-conversion/copyright
-- Performing post-build validation
Starting submission of boost-numeric-conversion:x64-linux@1.88.0 to 1 binary cache(s) in the background
Elapsed time to handle boost-numeric-conversion:x64-linux: 897 ms
boost-numeric-conversion:x64-linux package ABI: 9de1c7dd0001f7d6f9e77225bc56a401f998e81019b2dd1cf8d24e95225365e8
Completed submission of boost-range:x64-linux@1.88.0 to 1 binary cache(s) in 22.5 ms
Installing 39/79 boost-move:x64-linux@1.88.0...
Building boost-move:x64-linux@1.88.0...
/home/runner/.cache/vcpkg/registries/git-trees/36644849a94e71b5527a68a3896b12ee41da8197: info: installing from git registry git+https://github.com/microsoft/vcpkg@36644849a94e71b5527a68a3896b12ee41da8197
Downloading https://github.com/boostorg/move/archive/boost-1.88.0.tar.gz -> boostorg-move-boost-1.88.0.tar.gz
Successfully downloaded boostorg-move-boost-1.88.0.tar.gz
-- Extracting source /usr/local/share/vcpkg/downloads/boostorg-move-boost-1.88.0.tar.gz
-- Using source at /usr/local/share/vcpkg/buildtrees/boost-move/src/ost-1.88.0-d6f7db8579.clean
-- Configuring x64-linux
-- Building x64-linux-rel
-- Installing: /usr/local/share/vcpkg/packages/boost-move_x64-linux/share/boost-move/copyright
-- Performing post-build validation
Starting submission of boost-move:x64-linux@1.88.0 to 1 binary cache(s) in the background
Elapsed time to handle boost-move:x64-linux: 904 ms
boost-move:x64-linux package ABI: aad13ba82ea4709399c3846e0209727b526e85db7c4b58bbff886381c2281888
Completed submission of boost-numeric-conversion:x64-linux@1.88.0 to 1 binary cache(s) in 5.95 ms
Installing 40/79 boost-intrusive:x64-linux@1.88.0...
Building boost-intrusive:x64-linux@1.88.0...
/home/runner/.cache/vcpkg/registries/git-trees/0e559d87a538a62ab92d14b3a1bf20f4b15e9801: info: installing from git registry git+https://github.com/microsoft/vcpkg@0e559d87a538a62ab92d14b3a1bf20f4b15e9801
Downloading https://github.com/boostorg/intrusive/archive/boost-1.88.0.tar.gz -> boostorg-intrusive-boost-1.88.0.tar.gz
Successfully downloaded boostorg-intrusive-boost-1.88.0.tar.gz
-- Extracting source /usr/local/share/vcpkg/downloads/boostorg-intrusive-boost-1.88.0.tar.gz
-- Using source at /usr/local/share/vcpkg/buildtrees/boost-intrusive/src/ost-1.88.0-2b4f794aaf.clean
-- Configuring x64-linux
-- Building x64-linux-rel
-- Installing: /usr/local/share/vcpkg/packages/boost-intrusive_x64-linux/share/boost-intrusive/copyright
-- Performing post-build validation
Starting submission of boost-intrusive:x64-linux@1.88.0 to 1 binary cache(s) in the background
Elapsed time to handle boost-intrusive:x64-linux: 933 ms
boost-intrusive:x64-linux package ABI: 54bc5e72c61f411e33a3c160d8cbe4d7f680b153f4d51bf808fd5bec0f4a2cf5
Completed submission of boost-move:x64-linux@1.88.0 to 1 binary cache(s) in 13.5 ms
Installing 41/79 boost-container:x64-linux@1.88.0...
Building boost-container:x64-linux@1.88.0...
/home/runner/.cache/vcpkg/registries/git-trees/718d272c732f63acb5fd80814fc85563f171c735: info: installing from git registry git+https://github.com/microsoft/vcpkg@718d272c732f63acb5fd80814fc85563f171c735
Downloading https://github.com/boostorg/container/archive/boost-1.88.0.tar.gz -> boostorg-container-boost-1.88.0.tar.gz
Successfully downloaded boostorg-container-boost-1.88.0.tar.gz
-- Extracting source /usr/local/share/vcpkg/downloads/boostorg-container-boost-1.88.0.tar.gz
-- Applying patch posix-threads.diff
-- Using source at /usr/local/share/vcpkg/buildtrees/boost-container/src/ost-1.88.0-ff96641865.clean
-- Configuring x64-linux
-- Building x64-linux-dbg
-- Building x64-linux-rel
-- Installing: /usr/local/share/vcpkg/packages/boost-container_x64-linux/share/boost-container/copyright
-- Performing post-build validation
Starting submission of boost-container:x64-linux@1.88.0 to 1 binary cache(s) in the background
Elapsed time to handle boost-container:x64-linux: 3.3 s
boost-container:x64-linux package ABI: 5561aa1a96a8900df85fc17aa1fba6d08e097f0ffed2e5c41d5aa26c672cf5b7
Completed submission of boost-intrusive:x64-linux@1.88.0 to 1 binary cache(s) in 36.5 ms
Installing 42/79 boost-lexical-cast:x64-linux@1.88.0...
Building boost-lexical-cast:x64-linux@1.88.0...
/home/runner/.cache/vcpkg/registries/git-trees/c3631cacb2113b407eaa8be643a96dae14464f79: info: installing from git registry git+https://github.com/microsoft/vcpkg@c3631cacb2113b407eaa8be643a96dae14464f79
Downloading https://github.com/boostorg/lexical_cast/archive/boost-1.88.0.tar.gz -> boostorg-lexical_cast-boost-1.88.0.tar.gz
Successfully downloaded boostorg-lexical_cast-boost-1.88.0.tar.gz
-- Extracting source /usr/local/share/vcpkg/downloads/boostorg-lexical_cast-boost-1.88.0.tar.gz
-- Using source at /usr/local/share/vcpkg/buildtrees/boost-lexical-cast/src/ost-1.88.0-d2336c6fb5.clean
-- Configuring x64-linux
-- Building x64-linux-rel
-- Installing: /usr/local/share/vcpkg/packages/boost-lexical-cast_x64-linux/share/boost-lexical-cast/copyright
-- Performing post-build validation
Starting submission of boost-lexical-cast:x64-linux@1.88.0 to 1 binary cache(s) in the background
Elapsed time to handle boost-lexical-cast:x64-linux: 972 ms
boost-lexical-cast:x64-linux package ABI: e87f56be05ca7af96e6cb656daa5017aab18923aa3a22f0baf9a5063e9f9b706
Completed submission of boost-container:x64-linux@1.88.0 to 1 binary cache(s) in 81.1 ms
Installing 43/79 boost-unordered:x64-linux@1.88.0...
Building boost-unordered:x64-linux@1.88.0...
/home/runner/.cache/vcpkg/registries/git-trees/0c41c1a7f1cbf9fa1c6f2c88050fc5a4100fc0de: info: installing from git registry git+https://github.com/microsoft/vcpkg@0c41c1a7f1cbf9fa1c6f2c88050fc5a4100fc0de
Downloading https://github.com/boostorg/unordered/archive/boost-1.88.0.tar.gz -> boostorg-unordered-boost-1.88.0.tar.gz
Successfully downloaded boostorg-unordered-boost-1.88.0.tar.gz
-- Extracting source /usr/local/share/vcpkg/downloads/boostorg-unordered-boost-1.88.0.tar.gz
-- Using source at /usr/local/share/vcpkg/buildtrees/boost-unordered/src/ost-1.88.0-92b6910f5b.clean
-- Configuring x64-linux
-- Building x64-linux-rel
-- Installing: /usr/local/share/vcpkg/packages/boost-unordered_x64-linux/share/boost-unordered/copyright
-- Performing post-build validation
Starting submission of boost-unordered:x64-linux@1.88.0 to 1 binary cache(s) in the background
Elapsed time to handle boost-unordered:x64-linux: 1.2 s
boost-unordered:x64-linux package ABI: 293bc71d53a85d6260633e374919e7f0113a678acbd7bd2d9a829bdd25ae97d2
Completed submission of boost-lexical-cast:x64-linux@1.88.0 to 1 binary cache(s) in 5.28 ms
Installing 44/79 boost-exception:x64-linux@1.88.0...
Building boost-exception:x64-linux@1.88.0...
/home/runner/.cache/vcpkg/registries/git-trees/a9ea525002cadc70c3ea9bdf08c12d09772b8856: info: installing from git registry git+https://github.com/microsoft/vcpkg@a9ea525002cadc70c3ea9bdf08c12d09772b8856
Downloading https://github.com/boostorg/exception/archive/boost-1.88.0.tar.gz -> boostorg-exception-boost-1.88.0.tar.gz
Successfully downloaded boostorg-exception-boost-1.88.0.tar.gz
-- Extracting source /usr/local/share/vcpkg/downloads/boostorg-exception-boost-1.88.0.tar.gz
-- Using source at /usr/local/share/vcpkg/buildtrees/boost-exception/src/ost-1.88.0-18fd31ba7d.clean
-- Configuring x64-linux
-- Building x64-linux-rel
-- Installing: /usr/local/share/vcpkg/packages/boost-exception_x64-linux/share/boost-exception/copyright
-- Performing post-build validation
Starting submission of boost-exception:x64-linux@1.88.0 to 1 binary cache(s) in the background
Elapsed time to handle boost-exception:x64-linux: 1.8 s
boost-exception:x64-linux package ABI: ff59ca355a1e42329888ce9e7f0b962533f734443ba36d8d36a6aee0ecbb469b
Completed submission of boost-unordered:x64-linux@1.88.0 to 1 binary cache(s) in 20.5 ms
Installing 45/79 boost-algorithm:x64-linux@1.88.0...
Building boost-algorithm:x64-linux@1.88.0...
/home/runner/.cache/vcpkg/registries/git-trees/ad439228ad08c78b1db8a59d33f36a53cb2da963: info: installing from git registry git+https://github.com/microsoft/vcpkg@ad439228ad08c78b1db8a59d33f36a53cb2da963
Downloading https://github.com/boostorg/algorithm/archive/boost-1.88.0.tar.gz -> boostorg-algorithm-boost-1.88.0.tar.gz
Successfully downloaded boostorg-algorithm-boost-1.88.0.tar.gz
-- Extracting source /usr/local/share/vcpkg/downloads/boostorg-algorithm-boost-1.88.0.tar.gz
-- Using source at /usr/local/share/vcpkg/buildtrees/boost-algorithm/src/ost-1.88.0-2e7cb75cc7.clean
-- Configuring x64-linux
-- Building x64-linux-rel
-- Installing: /usr/local/share/vcpkg/packages/boost-algorithm_x64-linux/share/boost-algorithm/copyright
-- Performing post-build validation
Starting submission of boost-algorithm:x64-linux@1.88.0 to 1 binary cache(s) in the background
Elapsed time to handle boost-algorithm:x64-linux: 1.2 s
boost-algorithm:x64-linux package ABI: e3971a46b89a1cc2e33db764a1e502a4701dd48107b25595b9c28af6f5663120
Completed submission of boost-exception:x64-linux@1.88.0 to 1 binary cache(s) in 5.13 ms
Installing 46/79 boost-date-time:x64-linux@1.88.0...
Building boost-date-time:x64-linux@1.88.0...
/home/runner/.cache/vcpkg/registries/git-trees/27fa7c8f51d9c33b0764250d263bd62e22204ce1: info: installing from git registry git+https://github.com/microsoft/vcpkg@27fa7c8f51d9c33b0764250d263bd62e22204ce1
Downloading https://github.com/boostorg/date_time/archive/boost-1.88.0.tar.gz -> boostorg-date_time-boost-1.88.0.tar.gz
Successfully downloaded boostorg-date_time-boost-1.88.0.tar.gz
-- Extracting source /usr/local/share/vcpkg/downloads/boostorg-date_time-boost-1.88.0.tar.gz
-- Using source at /usr/local/share/vcpkg/buildtrees/boost-date-time/src/ost-1.88.0-7b3bfadd76.clean
-- Configuring x64-linux
-- Building x64-linux-dbg
-- Building x64-linux-rel
-- Installing: /usr/local/share/vcpkg/packages/boost-date-time_x64-linux/share/boost-date-time/copyright
-- Performing post-build validation
Starting submission of boost-date-time:x64-linux@1.88.0 to 1 binary cache(s) in the background
Elapsed time to handle boost-date-time:x64-linux: 1.4 s
boost-date-time:x64-linux package ABI: 7197ff9ab1543438cd27784958716175cfeea1cab548287281d4e55e43042066
Completed submission of boost-algorithm:x64-linux@1.88.0 to 1 binary cache(s) in 14.1 ms
Installing 47/79 boost-pool:x64-linux@1.88.0...
Building boost-pool:x64-linux@1.88.0...
/home/runner/.cache/vcpkg/registries/git-trees/f60821c1894371525636f260d1759ed9d3c0bf1e: info: installing from git registry git+https://github.com/microsoft/vcpkg@f60821c1894371525636f260d1759ed9d3c0bf1e
Downloading https://github.com/boostorg/pool/archive/boost-1.88.0.tar.gz -> boostorg-pool-boost-1.88.0.tar.gz
Successfully downloaded boostorg-pool-boost-1.88.0.tar.gz
-- Extracting source /usr/local/share/vcpkg/downloads/boostorg-pool-boost-1.88.0.tar.gz
-- Using source at /usr/local/share/vcpkg/buildtrees/boost-pool/src/ost-1.88.0-5369ec1359.clean
-- Configuring x64-linux
-- Building x64-linux-rel
-- Installing: /usr/local/share/vcpkg/packages/boost-pool_x64-linux/share/boost-pool/copyright
-- Performing post-build validation
Starting submission of boost-pool:x64-linux@1.88.0 to 1 binary cache(s) in the background
Elapsed time to handle boost-pool:x64-linux: 995 ms
boost-pool:x64-linux package ABI: 5b27a23f404bab9923e01dc9a86b1136bef39dd37f50e78976f5997ea31100fb
Completed submission of boost-date-time:x64-linux@1.88.0 to 1 binary cache(s) in 20.8 ms
Installing 48/79 boost-context:x64-linux@1.88.0...
Building boost-context:x64-linux@1.88.0...
/home/runner/.cache/vcpkg/registries/git-trees/8d20de9b1b6f8a9a913d4b6356fd23fec0c906d6: info: installing from git registry git+https://github.com/microsoft/vcpkg@8d20de9b1b6f8a9a913d4b6356fd23fec0c906d6
Downloading https://github.com/boostorg/context/archive/boost-1.88.0.tar.gz -> boostorg-context-boost-1.88.0.tar.gz
Successfully downloaded boostorg-context-boost-1.88.0.tar.gz
-- Extracting source /usr/local/share/vcpkg/downloads/boostorg-context-boost-1.88.0.tar.gz
-- Applying patch marmasm.patch
-- Using source at /usr/local/share/vcpkg/buildtrees/boost-context/src/ost-1.88.0-ec1a1b465e.clean
-- Configuring x64-linux
-- Building x64-linux-dbg
-- Building x64-linux-rel
-- Installing: /usr/local/share/vcpkg/packages/boost-context_x64-linux/share/boost-context/copyright
-- Performing post-build validation
Starting submission of boost-context:x64-linux@1.88.0 to 1 binary cache(s) in the background
Elapsed time to handle boost-context:x64-linux: 1.8 s
boost-context:x64-linux package ABI: 5bc5831783fed6bd39f361fa39e7d92b2f1f51a427a66d3df3a4330063ab73f5
Completed submission of boost-pool:x64-linux@1.88.0 to 1 binary cache(s) in 7.79 ms
Installing 49/79 boost-align:x64-linux@1.88.0...
Building boost-align:x64-linux@1.88.0...
/home/runner/.cache/vcpkg/registries/git-trees/4924c1722bfca24f9700837388bd5d9481695e2b: info: installing from git registry git+https://github.com/microsoft/vcpkg@4924c1722bfca24f9700837388bd5d9481695e2b
Downloading https://github.com/boostorg/align/archive/boost-1.88.0.tar.gz -> boostorg-align-boost-1.88.0.tar.gz
Successfully downloaded boostorg-align-boost-1.88.0.tar.gz
-- Extracting source /usr/local/share/vcpkg/downloads/boostorg-align-boost-1.88.0.tar.gz
-- Using source at /usr/local/share/vcpkg/buildtrees/boost-align/src/ost-1.88.0-8fde060681.clean
-- Configuring x64-linux
-- Building x64-linux-rel
-- Installing: /usr/local/share/vcpkg/packages/boost-align_x64-linux/share/boost-align/copyright
-- Performing post-build validation
Starting submission of boost-align:x64-linux@1.88.0 to 1 binary cache(s) in the background
Elapsed time to handle boost-align:x64-linux: 821 ms
boost-align:x64-linux package ABI: b8456388fc96f2a77bbc6ce55fec3ea798a8b14b32717b695274dc995312221f
Completed submission of boost-context:x64-linux@1.88.0 to 1 binary cache(s) in 9.18 ms
Installing 50/79 boost-asio:x64-linux@1.88.0...
Building boost-asio:x64-linux@1.88.0...
/home/runner/.cache/vcpkg/registries/git-trees/923e111ca4b1138efb1b58499edf5f04797de72f: info: installing from git registry git+https://github.com/microsoft/vcpkg@923e111ca4b1138efb1b58499edf5f04797de72f
Downloading https://github.com/boostorg/asio/archive/boost-1.88.0.tar.gz -> boostorg-asio-boost-1.88.0.tar.gz
Successfully downloaded boostorg-asio-boost-1.88.0.tar.gz
-- Extracting source /usr/local/share/vcpkg/downloads/boostorg-asio-boost-1.88.0.tar.gz
-- Applying patch opt-dep.diff
-- Using source at /usr/local/share/vcpkg/buildtrees/boost-asio/src/ost-1.88.0-72a6ff0ea7.clean
-- Configuring x64-linux
-- Building x64-linux-rel
-- Installing: /usr/local/share/vcpkg/packages/boost-asio_x64-linux/share/boost-asio/copyright
-- Performing post-build validation
Starting submission of boost-asio:x64-linux@1.88.0 to 1 binary cache(s) in the background
Elapsed time to handle boost-asio:x64-linux: 1.6 s
boost-asio:x64-linux package ABI: 486d4ea809bfa997600b1770a613f773e5579f8bd9589f4b5827c684becc2c24
Completed submission of boost-align:x64-linux@1.88.0 to 1 binary cache(s) in 5.64 ms
Installing 51/79 boost-type-index:x64-linux@1.88.0...
Building boost-type-index:x64-linux@1.88.0...
/home/runner/.cache/vcpkg/registries/git-trees/1c20e548a4ac12208597cbbb20df76f23ab62261: info: installing from git registry git+https://github.com/microsoft/vcpkg@1c20e548a4ac12208597cbbb20df76f23ab62261
Downloading https://github.com/boostorg/type_index/archive/boost-1.88.0.tar.gz -> boostorg-type_index-boost-1.88.0.tar.gz
Successfully downloaded boostorg-type_index-boost-1.88.0.tar.gz
-- Extracting source /usr/local/share/vcpkg/downloads/boostorg-type_index-boost-1.88.0.tar.gz
-- Using source at /usr/local/share/vcpkg/buildtrees/boost-type-index/src/ost-1.88.0-1ee8827b7b.clean
-- Configuring x64-linux
-- Building x64-linux-rel
-- Installing: /usr/local/share/vcpkg/packages/boost-type-index_x64-linux/share/boost-type-index/copyright
-- Performing post-build validation
Starting submission of boost-type-index:x64-linux@1.88.0 to 1 binary cache(s) in the background
Elapsed time to handle boost-type-index:x64-linux: 886 ms
boost-type-index:x64-linux package ABI: fe67a9971bf4299c3cd44091d25743efb96a7ed0ab80f7f9e845a603b9d22888
Completed submission of boost-asio:x64-linux@1.88.0 to 1 binary cache(s) in 117 ms
Installing 52/79 boost-static-string:x64-linux@1.88.0...
Building boost-static-string:x64-linux@1.88.0...
/home/runner/.cache/vcpkg/registries/git-trees/83065a30423a1c44652bd30ad85d7a44cf77a416: info: installing from git registry git+https://github.com/microsoft/vcpkg@83065a30423a1c44652bd30ad85d7a44cf77a416
Downloading https://github.com/boostorg/static_string/archive/boost-1.88.0.tar.gz -> boostorg-static_string-boost-1.88.0.tar.gz
Successfully downloaded boostorg-static_string-boost-1.88.0.tar.gz
-- Extracting source /usr/local/share/vcpkg/downloads/boostorg-static_string-boost-1.88.0.tar.gz
-- Using source at /usr/local/share/vcpkg/buildtrees/boost-static-string/src/ost-1.88.0-0e40b29b16.clean
-- Configuring x64-linux
-- Building x64-linux-rel
-- Installing: /usr/local/share/vcpkg/packages/boost-static-string_x64-linux/share/boost-static-string/copyright
-- Performing post-build validation
Starting submission of boost-static-string:x64-linux@1.88.0 to 1 binary cache(s) in the background
Elapsed time to handle boost-static-string:x64-linux: 911 ms
boost-static-string:x64-linux package ABI: 0c334e9dd16e89b89b7b041f3d64fba8fc9f367d1cb9f0f0ad725fcade32d26c
Completed submission of boost-type-index:x64-linux@1.88.0 to 1 binary cache(s) in 5.02 ms
Installing 53/79 boost-logic:x64-linux@1.88.0...
Building boost-logic:x64-linux@1.88.0...
/home/runner/.cache/vcpkg/registries/git-trees/a5a3ef638df59f3663a2303af3ea056513ecc3e9: info: installing from git registry git+https://github.com/microsoft/vcpkg@a5a3ef638df59f3663a2303af3ea056513ecc3e9
Downloading https://github.com/boostorg/logic/archive/boost-1.88.0.tar.gz -> boostorg-logic-boost-1.88.0.tar.gz
Successfully downloaded boostorg-logic-boost-1.88.0.tar.gz
-- Extracting source /usr/local/share/vcpkg/downloads/boostorg-logic-boost-1.88.0.tar.gz
-- Using source at /usr/local/share/vcpkg/buildtrees/boost-logic/src/ost-1.88.0-f608fa0914.clean
-- Configuring x64-linux
-- Building x64-linux-rel
-- Installing: /usr/local/share/vcpkg/packages/boost-logic_x64-linux/share/boost-logic/copyright
-- Performing post-build validation
Starting submission of boost-logic:x64-linux@1.88.0 to 1 binary cache(s) in the background
Elapsed time to handle boost-logic:x64-linux: 876 ms
boost-logic:x64-linux package ABI: 8cc754150a18a03a6fea7849a56afd61205c66b37a43a4245f1f850cfa557282
Completed submission of boost-static-string:x64-linux@1.88.0 to 1 binary cache(s) in 6.19 ms
Installing 54/79 boost-endian:x64-linux@1.88.0...
Building boost-endian:x64-linux@1.88.0...
/home/runner/.cache/vcpkg/registries/git-trees/8f0d2e5b95c17eb43c531c6eb9c80308fb5d2715: info: installing from git registry git+https://github.com/microsoft/vcpkg@8f0d2e5b95c17eb43c531c6eb9c80308fb5d2715
Downloading https://github.com/boostorg/endian/archive/boost-1.88.0.tar.gz -> boostorg-endian-boost-1.88.0.tar.gz
Successfully downloaded boostorg-endian-boost-1.88.0.tar.gz
-- Extracting source /usr/local/share/vcpkg/downloads/boostorg-endian-boost-1.88.0.tar.gz
-- Using source at /usr/local/share/vcpkg/buildtrees/boost-endian/src/ost-1.88.0-0d2c52168c.clean
-- Configuring x64-linux
-- Building x64-linux-rel
-- Installing: /usr/local/share/vcpkg/packages/boost-endian_x64-linux/share/boost-endian/copyright
-- Performing post-build validation
Starting submission of boost-endian:x64-linux@1.88.0 to 1 binary cache(s) in the background
Elapsed time to handle boost-endian:x64-linux: 880 ms
boost-endian:x64-linux package ABI: 1d028aa569932b939ebf2ce90adc4f184547ffa1f2c4bd72f509efe490f6880d
Completed submission of boost-logic:x64-linux@1.88.0 to 1 binary cache(s) in 3.84 ms
Installing 55/79 boost-beast:x64-linux@1.88.0...
Building boost-beast:x64-linux@1.88.0...
/home/runner/.cache/vcpkg/registries/git-trees/1928ac98dd3771b4210550c980e3cfc259d31a0f: info: installing from git registry git+https://github.com/microsoft/vcpkg@1928ac98dd3771b4210550c980e3cfc259d31a0f
Downloading https://github.com/boostorg/beast/archive/boost-1.88.0.tar.gz -> boostorg-beast-boost-1.88.0.tar.gz
Successfully downloaded boostorg-beast-boost-1.88.0.tar.gz
-- Extracting source /usr/local/share/vcpkg/downloads/boostorg-beast-boost-1.88.0.tar.gz
-- Using source at /usr/local/share/vcpkg/buildtrees/boost-beast/src/ost-1.88.0-ed0e315c86.clean
-- Configuring x64-linux
-- Building x64-linux-rel
-- Installing: /usr/local/share/vcpkg/packages/boost-beast_x64-linux/share/boost-beast/copyright
-- Performing post-build validation
Starting submission of boost-beast:x64-linux@1.88.0 to 1 binary cache(s) in the background
Elapsed time to handle boost-beast:x64-linux: 1.5 s
boost-beast:x64-linux package ABI: a9dfa651dc1a4069552877d0c553ec751c11e1cc425481fd900fb229a0c12ce7
Completed submission of boost-endian:x64-linux@1.88.0 to 1 binary cache(s) in 5.86 ms
Installing 56/79 boost-di:x64-linux@1.1.0.1...
Building boost-di:x64-linux@1.1.0.1...
/home/runner/work/leanp2p/leanp2p/vcpkg-overlay/boost-di: info: installing overlay port from here
Downloading https://github.com/qdrvm/boost-di/archive/d5de6c9840c7fc2e44bf37134b4a14b88151ecc4.tar.gz -> qdrvm-boost-di-d5de6c9840c7fc2e44bf37134b4a14b88151ecc4.tar.gz
Successfully downloaded qdrvm-boost-di-d5de6c9840c7fc2e44bf37134b4a14b88151ecc4.tar.gz
-- Extracting source /usr/local/share/vcpkg/downloads/qdrvm-boost-di-d5de6c9840c7fc2e44bf37134b4a14b88151ecc4.tar.gz
-- Using source at /usr/local/share/vcpkg/buildtrees/boost-di/src/b88151ecc4-5da291252d.clean
-- Configuring x64-linux
-- Building x64-linux-dbg
-- Building x64-linux-rel
-- Performing post-build validation
/home/runner/work/leanp2p/leanp2p/vcpkg-overlay/boost-di/portfile.cmake: warning: ${CURRENT_PACKAGES_DIR}/debug/include should not exist. To suppress this message, add set(VCPKG_POLICY_ALLOW_DEBUG_INCLUDE enabled)
note: If this directory was created by a build system that does not allow installing headers in debug to be disabled, delete the duplicate directory with file(REMOVE_RECURSE "${CURRENT_PACKAGES_DIR}/debug/include")
/home/runner/work/leanp2p/leanp2p/vcpkg-overlay/boost-di/portfile.cmake: warning: This port installs the following CMake files in places CMake files are not expected. CMake files should be installed in ${CURRENT_PACKAGES_DIR}/share/${PORT}. To suppress this message, add set(VCPKG_POLICY_SKIP_MISPLACED_CMAKE_FILES_CHECK enabled)
/usr/local/share/vcpkg/packages/boost-di_x64-linux: note: the files are relative to ${CURRENT_PACKAGES_DIR} here
note: lib/cmake/Boost.DI/Boost.DIConfig.cmake
note: debug/lib/cmake/Boost.DI/Boost.DIConfig.cmake
/home/runner/work/leanp2p/leanp2p/vcpkg-overlay/boost-di/portfile.cmake: warning: This port creates ${CURRENT_PACKAGES_DIR}/lib/cmake and/or ${CURRENT_PACKAGES_DIR}/debug/lib/cmake, which should be merged and moved to ${CURRENT_PACKAGES_DIR}/share/${PORT}/cmake. Please use the helper function vcpkg_cmake_config_fixup() from the port vcpkg-cmake-config. To suppress this message, add set(VCPKG_POLICY_SKIP_LIB_CMAKE_MERGE_CHECK enabled)
/home/runner/work/leanp2p/leanp2p/vcpkg-overlay/boost-di/portfile.cmake: warning: the license is not installed to ${CURRENT_PACKAGES_DIR}/share/${PORT}/copyright . This can be fixed by adding a call to vcpkg_install_copyright. To suppress this message, add set(VCPKG_POLICY_SKIP_COPYRIGHT_CHECK enabled)
/home/runner/work/leanp2p/leanp2p/vcpkg-overlay/boost-di/portfile.cmake: warning: Found 4 post-build check problem(s). These are usually caused by bugs in portfile.cmake or the upstream build system. Please correct these before submitting this port to the curated registry.
Starting submission of boost-di:x64-linux@1.1.0.1 to 1 binary cache(s) in the background
Elapsed time to handle boost-di:x64-linux: 4.3 s
boost-di:x64-linux package ABI: 1bbb113d9fe3bb42dde4403a1102671ba5966cd85320afa4fae7280280dc2bc6
Completed submission of boost-beast:x64-linux@1.88.0 to 1 binary cache(s) in 51.6 ms
Installing 57/79 boost-scope:x64-linux@1.88.0...
Building boost-scope:x64-linux@1.88.0...
/home/runner/.cache/vcpkg/registries/git-trees/a7bd1bd387c8df44cf6823663344498cfb5d77f6: info: installing from git registry git+https://github.com/microsoft/vcpkg@a7bd1bd387c8df44cf6823663344498cfb5d77f6
Downloading https://github.com/boostorg/scope/archive/boost-1.88.0.tar.gz -> boostorg-scope-boost-1.88.0.tar.gz
Successfully downloaded boostorg-scope-boost-1.88.0.tar.gz
-- Extracting source /usr/local/share/vcpkg/downloads/boostorg-scope-boost-1.88.0.tar.gz
-- Using source at /usr/local/share/vcpkg/buildtrees/boost-scope/src/ost-1.88.0-1b9399ecf0.clean
-- Configuring x64-linux
-- Building x64-linux-rel
-- Installing: /usr/local/share/vcpkg/packages/boost-scope_x64-linux/share/boost-scope/copyright
-- Performing post-build validation
Starting submission of boost-scope:x64-linux@1.88.0 to 1 binary cache(s) in the background
Elapsed time to handle boost-scope:x64-linux: 879 ms
boost-scope:x64-linux package ABI: eee4e03055f7cf12abc87e40851bfe0c752d5384e5f318a88291b97dae18ac91
Completed submission of boost-di:x64-linux@1.1.0.1 to 1 binary cache(s) in 20.9 ms
Installing 58/79 boost-atomic:x64-linux@1.88.0...
Building boost-atomic:x64-linux@1.88.0...
/home/runner/.cache/vcpkg/registries/git-trees/9b2f531f06494c18e7aea107338d1ebcd986208f: info: installing from git registry git+https://github.com/microsoft/vcpkg@9b2f531f06494c18e7aea107338d1ebcd986208f
Downloading https://github.com/boostorg/atomic/archive/boost-1.88.0.tar.gz -> boostorg-atomic-boost-1.88.0.tar.gz
Successfully downloaded boostorg-atomic-boost-1.88.0.tar.gz
-- Extracting source /usr/local/share/vcpkg/downloads/boostorg-atomic-boost-1.88.0.tar.gz
-- Applying patch fix-include.patch
-- Using source at /usr/local/share/vcpkg/buildtrees/boost-atomic/src/ost-1.88.0-85e5e1b06b.clean
-- Configuring x64-linux
-- Building x64-linux-dbg
-- Building x64-linux-rel
-- Installing: /usr/local/share/vcpkg/packages/boost-atomic_x64-linux/share/boost-atomic/copyright
-- Performing post-build validation
Starting submission of boost-atomic:x64-linux@1.88.0 to 1 binary cache(s) in the background
Elapsed time to handle boost-atomic:x64-linux: 1.7 s
boost-atomic:x64-linux package ABI: a8fd470c3c696906062f850397afa9024da974879a4e92c08f6519ccc86105e2
Completed submission of boost-scope:x64-linux@1.88.0 to 1 binary cache(s) in 8.28 ms
Installing 59/79 boost-filesystem:x64-linux@1.88.0...
Building boost-filesystem:x64-linux@1.88.0...
/home/runner/.cache/vcpkg/registries/git-trees/61456aae816e74a65ebf56e67e6965f1d640f7f5: info: installing from git registry git+https://github.com/microsoft/vcpkg@61456aae816e74a65ebf56e67e6965f1d640f7f5
Downloading https://github.com/boostorg/filesystem/archive/boost-1.88.0.tar.gz -> boostorg-filesystem-boost-1.88.0.tar.gz
Successfully downloaded boostorg-filesystem-boost-1.88.0.tar.gz
-- Extracting source /usr/local/share/vcpkg/downloads/boostorg-filesystem-boost-1.88.0.tar.gz
-- Using source at /usr/local/share/vcpkg/buildtrees/boost-filesystem/src/ost-1.88.0-941b06f73c.clean
-- Configuring x64-linux
-- Building x64-linux-dbg
-- Building x64-linux-rel
-- Installing: /usr/local/share/vcpkg/packages/boost-filesystem_x64-linux/share/boost-filesystem/copyright
-- Performing post-build validation
Starting submission of boost-filesystem:x64-linux@1.88.0 to 1 binary cache(s) in the background
Elapsed time to handle boost-filesystem:x64-linux: 7.4 s
boost-filesystem:x64-linux package ABI: e8451631f45904e91f5afa59434b767f98ee9ea2af05497d2b198ac437d74668
Completed submission of boost-atomic:x64-linux@1.88.0 to 1 binary cache(s) in 30.2 ms
Installing 60/79 boost-any:x64-linux@1.88.0...
Building boost-any:x64-linux@1.88.0...
/home/runner/.cache/vcpkg/registries/git-trees/d58b4fbb3de4aa97fcbd4ddede97df239656d4e4: info: installing from git registry git+https://github.com/microsoft/vcpkg@d58b4fbb3de4aa97fcbd4ddede97df239656d4e4
Downloading https://github.com/boostorg/any/archive/boost-1.88.0.tar.gz -> boostorg-any-boost-1.88.0.tar.gz
Successfully downloaded boostorg-any-boost-1.88.0.tar.gz
-- Extracting source /usr/local/share/vcpkg/downloads/boostorg-any-boost-1.88.0.tar.gz
-- Using source at /usr/local/share/vcpkg/buildtrees/boost-any/src/ost-1.88.0-2347ea3720.clean
-- Configuring x64-linux
-- Building x64-linux-rel
-- Installing: /usr/local/share/vcpkg/packages/boost-any_x64-linux/share/boost-any/copyright
-- Performing post-build validation
Starting submission of boost-any:x64-linux@1.88.0 to 1 binary cache(s) in the background
Elapsed time to handle boost-any:x64-linux: 870 ms
boost-any:x64-linux package ABI: 992d34cb9ededf8435e9220cfea24b7bbafa82e775c2b147ea24a3d833a8e2dc
Completed submission of boost-filesystem:x64-linux@1.88.0 to 1 binary cache(s) in 148 ms
Installing 61/79 boost-program-options:x64-linux@1.88.0...
Building boost-program-options:x64-linux@1.88.0...
/home/runner/.cache/vcpkg/registries/git-trees/b85a04d9d493a03154426ff8f02d5a038845a17d: info: installing from git registry git+https://github.com/microsoft/vcpkg@b85a04d9d493a03154426ff8f02d5a038845a17d
Downloading https://github.com/boostorg/program_options/archive/boost-1.88.0.tar.gz -> boostorg-program_options-boost-1.88.0.tar.gz
Successfully downloaded boostorg-program_options-boost-1.88.0.tar.gz
-- Extracting source /usr/local/share/vcpkg/downloads/boostorg-program_options-boost-1.88.0.tar.gz
-- Using source at /usr/local/share/vcpkg/buildtrees/boost-program-options/src/ost-1.88.0-2d907932eb.clean
-- Configuring x64-linux
-- Building x64-linux-dbg
-- Building x64-linux-rel
-- Installing: /usr/local/share/vcpkg/packages/boost-program-options_x64-linux/share/boost-program-options/copyright
-- Performing post-build validation
Starting submission of boost-program-options:x64-linux@1.88.0 to 1 binary cache(s) in the background
Elapsed time to handle boost-program-options:x64-linux: 11 s
boost-program-options:x64-linux package ABI: a90bf5925e84922c7d13de58f3dc2158877f6b28dd8fd4c5968036b667d4cbdb
Completed submission of boost-any:x64-linux@1.88.0 to 1 binary cache(s) in 4.83 ms
Installing 62/79 boost-dynamic-bitset:x64-linux@1.88.0...
Building boost-dynamic-bitset:x64-linux@1.88.0...
/home/runner/.cache/vcpkg/registries/git-trees/d4c919f26acd2f22956a1516951f886426bcb44c: info: installing from git registry git+https://github.com/microsoft/vcpkg@d4c919f26acd2f22956a1516951f886426bcb44c
Downloading https://github.com/boostorg/dynamic_bitset/archive/boost-1.88.0.tar.gz -> boostorg-dynamic_bitset-boost-1.88.0.tar.gz
Successfully downloaded boostorg-dynamic_bitset-boost-1.88.0.tar.gz
-- Extracting source /usr/local/share/vcpkg/downloads/boostorg-dynamic_bitset-boost-1.88.0.tar.gz
-- Using source at /usr/local/share/vcpkg/buildtrees/boost-dynamic-bitset/src/ost-1.88.0-364bcbf18a.clean
-- Configuring x64-linux
-- Building x64-linux-rel
-- Installing: /usr/local/share/vcpkg/packages/boost-dynamic-bitset_x64-linux/share/boost-dynamic-bitset/copyright
-- Performing post-build validation
Starting submission of boost-dynamic-bitset:x64-linux@1.88.0 to 1 binary cache(s) in the background
Elapsed time to handle boost-dynamic-bitset:x64-linux: 854 ms
boost-dynamic-bitset:x64-linux package ABI: 9dfb9278aa08c45f08d3daeb90bef5be36f931edc66d67b49cee22292f0f96a3
Completed submission of boost-program-options:x64-linux@1.88.0 to 1 binary cache(s) in 333 ms
Installing 63/79 boost-random:x64-linux@1.88.0...
Building boost-random:x64-linux@1.88.0...
/home/runner/.cache/vcpkg/registries/git-trees/b2aa49ec08baef8f4f50bebdd83e0e52d0f21600: info: installing from git registry git+https://github.com/microsoft/vcpkg@b2aa49ec08baef8f4f50bebdd83e0e52d0f21600
Downloading https://github.com/boostorg/random/archive/boost-1.88.0.tar.gz -> boostorg-random-boost-1.88.0.tar.gz
Successfully downloaded boostorg-random-boost-1.88.0.tar.gz
-- Extracting source /usr/local/share/vcpkg/downloads/boostorg-random-boost-1.88.0.tar.gz
-- Using source at /usr/local/share/vcpkg/buildtrees/boost-random/src/ost-1.88.0-0365d589bf.clean
-- Configuring x64-linux
-- Building x64-linux-dbg
-- Building x64-linux-rel
-- Installing: /usr/local/share/vcpkg/packages/boost-random_x64-linux/share/boost-random/copyright
-- Performing post-build validation
Starting submission of boost-random:x64-linux@1.88.0 to 1 binary cache(s) in the background
Elapsed time to handle boost-random:x64-linux: 2.3 s
boost-random:x64-linux package ABI: 4c133da579106cf3c2821f2497a6c1ea515186aab7ae135ce7a40bbf377d5cf7
Completed submission of boost-dynamic-bitset:x64-linux@1.88.0 to 1 binary cache(s) in 5.37 ms
Installing 64/79 boost-variant:x64-linux@1.88.0...
Building boost-variant:x64-linux@1.88.0...
/home/runner/.cache/vcpkg/registries/git-trees/ce04d4a9d355c53b773d0f510cf69a932ba6eb63: info: installing from git registry git+https://github.com/microsoft/vcpkg@ce04d4a9d355c53b773d0f510cf69a932ba6eb63
Downloading https://github.com/boostorg/variant/archive/boost-1.88.0.tar.gz -> boostorg-variant-boost-1.88.0.tar.gz
Successfully downloaded boostorg-variant-boost-1.88.0.tar.gz
-- Extracting source /usr/local/share/vcpkg/downloads/boostorg-variant-boost-1.88.0.tar.gz
-- Using source at /usr/local/share/vcpkg/buildtrees/boost-variant/src/ost-1.88.0-bccd457088.clean
-- Configuring x64-linux
-- Building x64-linux-rel
-- Installing: /usr/local/share/vcpkg/packages/boost-variant_x64-linux/share/boost-variant/copyright
-- Performing post-build validation
Starting submission of boost-variant:x64-linux@1.88.0 to 1 binary cache(s) in the background
Elapsed time to handle boost-variant:x64-linux: 837 ms
boost-variant:x64-linux package ABI: 446422aa8afc8ce4b7b88c3a6132bc9270b0f632b2612f7fa0f071d014904003
Completed submission of boost-random:x64-linux@1.88.0 to 1 binary cache(s) in 66.6 ms
Installing 65/79 boost-parameter:x64-linux@1.88.0...
Building boost-parameter:x64-linux@1.88.0...
/home/runner/.cache/vcpkg/registries/git-trees/86e2c7b42f18203836314d327e95b3ab8dab7dab: info: installing from git registry git+https://github.com/microsoft/vcpkg@86e2c7b42f18203836314d327e95b3ab8dab7dab
Downloading https://github.com/boostorg/parameter/archive/boost-1.88.0.tar.gz -> boostorg-parameter-boost-1.88.0.tar.gz
Successfully downloaded boostorg-parameter-boost-1.88.0.tar.gz
-- Extracting source /usr/local/share/vcpkg/downloads/boostorg-parameter-boost-1.88.0.tar.gz
-- Using source at /usr/local/share/vcpkg/buildtrees/boost-parameter/src/ost-1.88.0-646923c0b3.clean
-- Configuring x64-linux
-- Building x64-linux-rel
-- Installing: /usr/local/share/vcpkg/packages/boost-parameter_x64-linux/share/boost-parameter/copyright
-- Performing post-build validation
Starting submission of boost-parameter:x64-linux@1.88.0 to 1 binary cache(s) in the background
Elapsed time to handle boost-parameter:x64-linux: 949 ms
boost-parameter:x64-linux package ABI: cf8ed8165ae0565b6acc07b51248e10db09ce2d26581f2328d26728a48c8be67
Completed submission of boost-variant:x64-linux@1.88.0 to 1 binary cache(s) in 7.77 ms
Installing 66/79 boost-signals2:x64-linux@1.88.0...
Building boost-signals2:x64-linux@1.88.0...
/home/runner/.cache/vcpkg/registries/git-trees/cd5386163d29361ec0808392eeb2cd6da0e88a29: info: installing from git registry git+https://github.com/microsoft/vcpkg@cd5386163d29361ec0808392eeb2cd6da0e88a29
Downloading https://github.com/boostorg/signals2/archive/boost-1.88.0.tar.gz -> boostorg-signals2-boost-1.88.0.tar.gz
Successfully downloaded boostorg-signals2-boost-1.88.0.tar.gz
-- Extracting source /usr/local/share/vcpkg/downloads/boostorg-signals2-boost-1.88.0.tar.gz
-- Using source at /usr/local/share/vcpkg/buildtrees/boost-signals2/src/ost-1.88.0-1fcf7657ac.clean
-- Configuring x64-linux
-- Building x64-linux-rel
-- Installing: /usr/local/share/vcpkg/packages/boost-signals2_x64-linux/share/boost-signals2/copyright
-- Performing post-build validation
Starting submission of boost-signals2:x64-linux@1.88.0 to 1 binary cache(s) in the background
Elapsed time to handle boost-signals2:x64-linux: 1.1 s
boost-signals2:x64-linux package ABI: 4b4084a4b12c99523ad1fc46567fd3f0c9119ab264b7a227fff83aa162fe227c
Completed submission of boost-parameter:x64-linux@1.88.0 to 1 binary cache(s) in 15.5 ms
Installing 67/79 fmt:x64-linux@11.0.2#1...
Building fmt:x64-linux@11.0.2#1...
/home/runner/.cache/vcpkg/registries/git-trees/07a73a7565e5de9eb42e90c16c133bdfdfebbcda: info: installing from git registry git+https://github.com/microsoft/vcpkg@07a73a7565e5de9eb42e90c16c133bdfdfebbcda
Downloading https://github.com/fmtlib/fmt/archive/11.0.2.tar.gz -> fmtlib-fmt-11.0.2.tar.gz
Successfully downloaded fmtlib-fmt-11.0.2.tar.gz
-- Extracting source /usr/local/share/vcpkg/downloads/fmtlib-fmt-11.0.2.tar.gz
-- Applying patch fix-write-batch.patch
-- Applying patch fix-pass-utf-8-only-if-the-compiler-is-MSVC-at-build.patch
-- Using source at /usr/local/share/vcpkg/buildtrees/fmt/src/11.0.2-c30c0a133f.clean
-- Configuring x64-linux
-- Building x64-linux-dbg
-- Building x64-linux-rel
-- Fixing pkgconfig file: /usr/local/share/vcpkg/packages/fmt_x64-linux/lib/pkgconfig/fmt.pc
-- Fixing pkgconfig file: /usr/local/share/vcpkg/packages/fmt_x64-linux/debug/lib/pkgconfig/fmt.pc
-- Installing: /usr/local/share/vcpkg/packages/fmt_x64-linux/share/fmt/usage
-- Installing: /usr/local/share/vcpkg/packages/fmt_x64-linux/share/fmt/copyright
-- Performing post-build validation
Starting submission of fmt:x64-linux@11.0.2#1 to 1 binary cache(s) in the background
Elapsed time to handle fmt:x64-linux: 6 s
fmt:x64-linux package ABI: 9f0e83d24712104afd828fa90418abb4e97819bd9ec39cc4b087e05e11c3ef4b
Completed submission of boost-signals2:x64-linux@1.88.0 to 1 binary cache(s) in 8.6 ms
Installing 68/79 zlib:x64-linux@1.3.1...
Building zlib:x64-linux@1.3.1...
/home/runner/.cache/vcpkg/registries/git-trees/3f05e04b9aededb96786a911a16193cdb711f0c9: info: installing from git registry git+https://github.com/microsoft/vcpkg@3f05e04b9aededb96786a911a16193cdb711f0c9
Downloading https://github.com/madler/zlib/archive/v1.3.1.tar.gz -> madler-zlib-v1.3.1.tar.gz
Successfully downloaded madler-zlib-v1.3.1.tar.gz
-- Extracting source /usr/local/share/vcpkg/downloads/madler-zlib-v1.3.1.tar.gz
-- Applying patch 0001-Prevent-invalid-inclusions-when-HAVE_-is-set-to-0.patch
-- Applying patch 0002-build-static-or-shared-not-both.patch
-- Applying patch 0003-android-and-mingw-fixes.patch
-- Using source at /usr/local/share/vcpkg/buildtrees/zlib/src/v1.3.1-2e5db616bf.clean
-- Configuring x64-linux
-- Building x64-linux-dbg
-- Building x64-linux-rel
-- Installing: /usr/local/share/vcpkg/packages/zlib_x64-linux/share/zlib/vcpkg-cmake-wrapper.cmake
-- Fixing pkgconfig file: /usr/local/share/vcpkg/packages/zlib_x64-linux/lib/pkgconfig/zlib.pc
-- Fixing pkgconfig file: /usr/local/share/vcpkg/packages/zlib_x64-linux/debug/lib/pkgconfig/zlib.pc
-- Installing: /usr/local/share/vcpkg/packages/zlib_x64-linux/share/zlib/copyright
-- Performing post-build validation
Starting submission of zlib:x64-linux@1.3.1 to 1 binary cache(s) in the background
Elapsed time to handle zlib:x64-linux: 2.7 s
zlib:x64-linux package ABI: 99b9510133a3c662c331f2f873154ef1463eb74417c22d57e7fc31dc14e9e1dc
Completed submission of fmt:x64-linux@11.0.2#1 to 1 binary cache(s) in 97.2 ms
Installing 69/79 boringssl:x64-linux@2024-09-13#1...
Building boringssl:x64-linux@2024-09-13#1...
/home/runner/.cache/vcpkg/registries/git-trees/78e32f29395487348c0dbbc78828b71b020a92b1: info: installing from git registry git+https://github.com/microsoft/vcpkg@78e32f29395487348c0dbbc78828b71b020a92b1
CMake Error at scripts/cmake/vcpkg_find_acquire_program.cmake:201 (message):
  Could not find nasm.  Please install it via your package manager:

      sudo apt-get install nasm
Call Stack (most recent call first):
  /home/runner/.cache/vcpkg/registries/git-trees/78e32f29395487348c0dbbc78828b71b020a92b1/portfile.cmake:9 (vcpkg_find_acquire_program)
  scripts/ports.cmake:206 (include)


error: building boringssl:x64-linux failed with: BUILD_FAILED
See https://learn.microsoft.com/vcpkg/troubleshoot/build-failures?WT.mc_id=vcpkg_inproduct_cli for more information.
Elapsed time to handle boringssl:x64-linux: 16.7 ms
Please ensure you're using the latest port files with `git pull` and `vcpkg update`.
Then check for known issues at:
  https://github.com/microsoft/vcpkg/issues?q=is%3Aissue+is%3Aopen+in%3Atitle+boringssl
You can submit a new issue at:
  https://github.com/microsoft/vcpkg/issues/new?title=%5Bboringssl%5D%20build%20error%20on%20x64-linux&body=Copy%20issue%20body%20from%20collapsed%20section%20%22issue_body.md%22%20in%20the%20ci%20log%20output
::group::issue_body.md
Package: boringssl:x64-linux@2024-09-13#1

**Host Environment**

- Host: x64-linux
- Compiler: GNU 13.3.0
- CMake Version: 3.31.10
-    vcpkg-tool version: 2025-12-16-44bb3ce006467fc13ba37ca099f64077b8bbf84d
    vcpkg-scripts version: 25b458671a 2026-01-10 (11 days ago)

**To Reproduce**

`vcpkg install `

**Failure logs**

```
CMake Error at scripts/cmake/vcpkg_find_acquire_program.cmake:201 (message):
  Could not find nasm.  Please install it via your package manager:

      sudo apt-get install nasm
Call Stack (most recent call first):
  /home/runner/.cache/vcpkg/registries/git-trees/78e32f29395487348c0dbbc78828b71b020a92b1/portfile.cmake:9 (vcpkg_find_acquire_program)
  scripts/ports.cmake:206 (include)



```

**Additional context**

<details><summary>vcpkg.json</summary>

```
{
  "name": "leanp2p",
  "version": "0.1.0",
  "dependencies": [
    "boost-asio",
    "boost-beast",
    "boost-di",
    "boost-filesystem",
    "boost-program-options",
    "boost-random",
    "boost-signals2",
    "fmt",
    "liblsquic",
    "libsecp256k1",
    "protobuf",
    "qtils",
    "soralog",
    "tsl-hat-trie",
    "zlib"
  ]
}

```
</details>
::endgroup::

Completed submission of zlib:x64-linux@1.3.1 to 1 binary cache(s) in 30.1 ms
